#
# A fatal error has been detected by the Java Runtime Environment:
#
#  Internal Error (jvmciRuntime.cpp:1609), pid=20, tid=35
#  fatal error: Fatal exception in JVMCI: Error calling jdk.vm.ci.services.Services.serializeSavedProperties
#
# JRE version: OpenJDK Runtime Environment GraalVM CE 22.3.0 (17.0.5+8) (build 17.0.5+8-jvmci-22.3-b08)
# Java VM: OpenJDK 64-Bit Server VM GraalVM CE 22.3.0 (17.0.5+8-jvmci-22.3-b08, mixed mode, sharing, tiered, jvmci, jvmci compiler, compressed oops, compressed class ptrs, parallel gc, linux-amd64)
# Problematic frame:
# V  [libjvm.so+0x972714]  JVMCIRuntime::fatal_exception(JVMCIEnv*, char const*)+0x74
#
# Core dump will be written. Default location: Core dumps may be processed with "/usr/share/apport/apport -p%p -s%s -c%c -d%d -P%P -u%u -g%g -- %E" (or dumping to /home/runner/planilha/core.20)
#
# If you would like to submit a bug report, please visit:
#   https://github.com/oracle/graal/issues
#

---------------  S U M M A R Y ------------

Command Line: -XX:ThreadPriorityPolicy=1 -XX:+UnlockExperimentalVMOptions -XX:+EnableJVMCIProduct -XX:JVMCIThreadsPerNativeLibraryRuntime=1 -XX:-UnlockExperimentalVMOptions -Declipse.application=org.eclipse.jdt.ls.core.id1 -Dosgi.bundles.defaultStartLevel=4 -Declipse.product=org.eclipse.jdt.ls.core.product -Dlog.level=ALL -Xverify:none -XX:+UseParallelGC -XX:GCTimeRatio=4 -XX:AdaptiveSizePolicyWeight=90 -Dsun.zip.disableMemoryMapping=true -Xmx512m -Xms100m /nix/store/m6gcpi1ii6rghy04cjwjddcavv7i90df-jdt-language-server-1.9.0/share/java/plugins/org.eclipse.equinox.launcher_1.6.400.v20210924-0641.jar --add-modules=ALL-SYSTEM --add-opens java.base/java.util=ALL-UNNAMED --add-opens java.base/java.lang=ALL-UNNAMED -configuration /home/runner/.cache/jdt-language-server/config -data /home/runner/.cache/jdt-language-server/data/home/runner/planilha

Host: AMD EPYC 7B12, 8 cores, 1G, Ubuntu 20.04.2 LTS
Time: Mon May  1 13:28:00 2023 UTC elapsed time: 967.923294 seconds (0d 0h 16m 7s)

---------------  T H R E A D  ---------------

Current thread (0x00007f02e00b21e0):  JavaThread "JVMCI-native CompilerThread0" daemon [_thread_in_vm, id=35, stack(0x00007f02c561a000,0x00007f02c581a000)]


Current CompileTask:
JVMCI-native: 967923 9619       4       com.google.gson.stream.JsonReader::doPeek (744 bytes)

Stack: [0x00007f02c561a000,0x00007f02c581a000],  sp=0x00007f02c5818380,  free space=2040k
Native frames: (J=compiled Java code, j=interpreted, Vv=VM code, C=native code)
V  [libjvm.so+0x972714]  JVMCIRuntime::fatal_exception(JVMCIEnv*, char const*)+0x74
V  [libjvm.so+0x93e2fe]  JVMCIEnv::copy_saved_properties()+0x14e
V  [libjvm.so+0x9732a9]  JVMCIRuntime::initialize(JVMCIEnv*)+0xb19
V  [libjvm.so+0x9738a2]  JVMCIRuntime::get_HotSpotJVMCIRuntime(JVMCIEnv*)+0x12
V  [libjvm.so+0x9749f2]  JVMCIRuntime::compile_method(JVMCIEnv*, JVMCICompiler*, methodHandle const&, int)+0xd2
V  [libjvm.so+0x5b0d20]  CompileBroker::invoke_compiler_on_method(CompileTask*)+0x1470
V  [libjvm.so+0x5b12e8]  CompileBroker::compiler_thread_loop()+0x528
V  [libjvm.so+0xd82460]  JavaThread::thread_main_inner()+0xd0
V  [libjvm.so+0xd85a40]  Thread::call_run()+0xc0
V  [libjvm.so+0xbdb1e1]  thread_native_entry(Thread*)+0xe1

Register to memory mapping:

RAX=0x00007f02e5391000 points into unknown readable memory: 0x0000000000000058 | 58 00 00 00 00 00 00 00
RBX=0x00007f02e648c398: <offset 0x0000000000ef5398> in /nix/store/gpxl5qgg8kicmcvivwmybwjlpf7wh20l-graalvm17-ce-22.3.0/lib/server/libjvm.so at 0x00007f02e5597000
RCX=0x00007f02e64441e8: <offset 0x0000000000ead1e8> in /nix/store/gpxl5qgg8kicmcvivwmybwjlpf7wh20l-graalvm17-ce-22.3.0/lib/server/libjvm.so at 0x00007f02e5597000
RDX=0x0000000000000649 is an unknown value
RSP=0x00007f02c5818380 is pointing into the stack for thread: 0x00007f02e00b21e0
RBP=0x00007f02c58183a0 is pointing into the stack for thread: 0x00007f02e00b21e0
RSI=0x00007f02e648cc48: <offset 0x0000000000ef5c48> in /nix/store/gpxl5qgg8kicmcvivwmybwjlpf7wh20l-graalvm17-ce-22.3.0/lib/server/libjvm.so at 0x00007f02e5597000
RDI=0x00000000e0000000 is an oop: [B 
{0x00000000e0000000} - klass: {type array byte}
 - length: 30
R8 =0x00007f02e648c398: <offset 0x0000000000ef5398> in /nix/store/gpxl5qgg8kicmcvivwmybwjlpf7wh20l-graalvm17-ce-22.3.0/lib/server/libjvm.so at 0x00007f02e5597000
R9 =0x0000000000000003 is an unknown value
R10=0x00007f02e67ddda0: <offset 0x0000000001246da0> in /nix/store/gpxl5qgg8kicmcvivwmybwjlpf7wh20l-graalvm17-ce-22.3.0/lib/server/libjvm.so at 0x00007f02e5597000
R11=0x000000080044f048 is pointing into metadata
R12=0x0 is NULL
R13=0x00007f02e00b21e0 is a thread
R14=0x00007f02e0000b80 points into unknown readable memory: 0x00007f02e66bda38 | 38 da 6b e6 02 7f 00 00
R15=0x00007f02e67cbe40: <offset 0x0000000001234e40> in /nix/store/gpxl5qgg8kicmcvivwmybwjlpf7wh20l-graalvm17-ce-22.3.0/lib/server/libjvm.so at 0x00007f02e5597000


Registers:
RAX=0x00007f02e5391000, RBX=0x00007f02e648c398, RCX=0x00007f02e64441e8, RDX=0x0000000000000649
RSP=0x00007f02c5818380, RBP=0x00007f02c58183a0, RSI=0x00007f02e648cc48, RDI=0x00000000e0000000
R8 =0x00007f02e648c398, R9 =0x0000000000000003, R10=0x00007f02e67ddda0, R11=0x000000080044f048
R12=0x0000000000000000, R13=0x00007f02e00b21e0, R14=0x00007f02e0000b80, R15=0x00007f02e67cbe40
RIP=0x00007f02e5f09714, EFLAGS=0x0000000000010206, CSGSFS=0x002b000000000033, ERR=0x0000000000000006
  TRAPNO=0x000000000000000e

Top of Stack: (sp=0x00007f02c5818380)
0x00007f02c5818380:   00007f02c5818940 00007f02e00b21e0
0x00007f02c5818390:   00007f02e4d228c8 0000000800c417a0
0x00007f02c58183a0:   00007f02c5818500 00007f02e5ed52fe
0x00007f02c58183b0:   00007f02c58183e0 00007f02c5818440 

Instructions: (pc=0x00007f02e5f09714)
0x00007f02e5f09614:   30 e8 f6 cf e8 ff 4c 89 e7 e8 2e 48 d1 ff 84 db
0x00007f02e5f09624:   75 2a 4d 85 ed 74 04 4d 8b 6d 00 48 83 c4 08 44
0x00007f02e5f09634:   89 f9 4c 89 f2 4c 89 ee 5b 4c 89 e7 41 5c 41 5d
0x00007f02e5f09644:   41 5e 41 5f 5d e9 e2 47 d1 ff 66 90 48 83 c4 08
0x00007f02e5f09654:   5b 41 5c 41 5d 41 5e 41 5f 5d c3 90 31 d2 be 08
0x00007f02e5f09664:   00 00 00 4c 89 ff e8 b1 78 a3 ff 49 89 c5 e9 37
0x00007f02e5f09674:   ff ff ff 66 0f 1f 84 00 00 00 00 00 48 8b 7a 08
0x00007f02e5f09684:   e9 6d ff ff ff 0f 1f 80 00 00 00 00 e8 5b 48 0a
0x00007f02e5f09694:   00 84 c0 75 89 e9 6a ff ff ff 66 90 55 48 89 e5
0x00007f02e5f096a4:   41 56 41 55 41 54 49 89 fc 53 48 89 f3 66 48 8d
0x00007f02e5f096b4:   3d 27 5e 85 00 66 66 48 e8 df 43 8d ff 4c 8b 28
0x00007f02e5f096c4:   8b 05 be 72 8a 00 85 c0 75 14 ba 01 00 00 00 48
0x00007f02e5f096d4:   8d 0d ae 72 8a 00 f0 0f b1 11 85 c0 74 4e be c8
0x00007f02e5f096e4:   00 00 00 4c 89 ef e8 01 0b 41 00 48 8d 05 12 ac
0x00007f02e5f096f4:   85 00 49 89 d8 48 8d 0d e8 aa 53 00 ba 49 06 00
0x00007f02e5f09704:   00 48 8d 35 3c 35 58 00 bf 00 00 00 e0 48 8b 00
0x00007f02e5f09714:   c6 00 58 31 c0 e8 e2 91 c6 ff 5b 41 5c 41 5d 41
0x00007f02e5f09724:   5e 5d e9 55 34 26 00 0f 1f 44 00 00 48 8d 05 81
0x00007f02e5f09734:   a3 8b 00 48 89 df 4c 8b 30 e8 9e 43 8d ff 48 89
0x00007f02e5f09744:   de 48 89 c2 49 8b 06 4c 89 f7 ff 50 08 4c 89 f7
0x00007f02e5f09754:   e8 a7 5c 27 00 4d 85 e4 74 12 be 01 00 00 00 4c
0x00007f02e5f09764:   89 e7 e8 35 43 fc ff eb 82 0f 1f 00 be 01 00 00
0x00007f02e5f09774:   00 4c 89 ef e8 d3 fd ff ff e9 6d ff ff ff 66 66
0x00007f02e5f09784:   2e 0f 1f 84 00 00 00 00 00 0f 1f 00 55 48 89 e5
0x00007f02e5f09794:   41 57 41 56 41 55 41 54 53 48 81 ec 08 02 00 00
0x00007f02e5f097a4:   64 48 8b 04 25 28 00 00 00 48 89 45 c8 8b 07 83
0x00007f02e5f097b4:   f8 02 0f 84 11 04 00 00 4c 8b 6f 18 49 89 ff 49
0x00007f02e5f097c4:   89 f4 4d 85 ed 74 14 4c 89 ef e8 5d 57 22 00 41
0x00007f02e5f097d4:   8b 07 83 f8 02 0f 84 19 04 00 00 48 8d 1d 9a 06
0x00007f02e5f097e4:   8a 00 4c 8d 35 0b 3c 58 00 eb 38 90 48 85 d2 7f
0x00007f02e5f097f4:   0d 48 8d 05 b4 c0 85 00 48 83 38 00 7e 0e 41 8b
0x00007f02e5f09804:   77 2c 4c 89 f7 31 c0 e8 a0 b2 f7 ff 49 8b 7f 18 


Stack slot to memory mapping:
stack at sp + 0 slots: 0x00007f02c5818940 is pointing into the stack for thread: 0x00007f02e00b21e0
stack at sp + 1 slots: 0x00007f02e00b21e0 is a thread
stack at sp + 2 slots: 0x00007f02e4d228c8 points into unknown readable memory: 0x6573001880c9ffff | ff ff c9 80 18 00 73 65
stack at sp + 3 slots: 0x0000000800c417a0 is a pointer to class: 
jdk.vm.ci.services.Services {0x0000000800c417a0}
 - instance size:     2
 - klass size:        65
 - access:            public final synchronized 
 - state:             fully_initialized
 - name:              'jdk/vm/ci/services/Services'
 - super:             'java/lang/Object'
 - sub:               
 - arrays:            NULL
 - methods:           Array<T>(0x00007f02c5c3da78)
 - method ordering:   Array<T>(0x0000000800928960)
 - default_methods:   Array<T>(0x0000000000000000)
 - local interfaces:  Array<T>(0x00000008005ce810)
 - trans. interfaces: Array<T>(0x00000008005ce810)
 - constants:         constant pool [427] {0x00007f02c5c3cb58} for 'jdk/vm/ci/services/Services' cache=0x00007f02c5c3ed48
 - class loader data:  loader data: 0x00007f02e00283d0 of 'bootstrap'
 - source file:       'Services.java'
 - class annotations:       Array<T>(0x0000000000000000)
 - class type annotations:  Array<T>(0x0000000000000000)
 - field annotations:       Array<T>(0x0000000000000000)
 - field type annotations:  Array<T>(0x0000000000000000)
 - inner classes:     Array<T>(0x00007f02c5c3ed18)
 - nest members:     Array<T>(0x00007f02c5c3ed38)
 - permitted subclasses:     Array<T>(0x00000008005ce7a0)
 - java mirror:       a 'java/lang/Class'{0x00000000e0179d18} = 'jdk/vm/ci/services/Services'
 - vtable length      5  (start addr: 0x0000000800c41970)
 - itable length      2 (start addr: 0x0000000800c41998)
 - ---- static fields (3 words):
 - public static final 'IS_BUILDING_NATIVE_IMAGE' 'Z' @128 
 - public static final 'IS_IN_NATIVE_IMAGE' 'Z' @129 
 - private static volatile 'savedProperties' 'Ljava/util/Map;' @112 
 - static final 'JVMCI_ENABLED' 'Z' @130 
 - private static final 'servicesCache' 'Ljava/util/Map;' @116 
 - private static final 'MAX_UNICODE_IN_UTF8_LENGTH' 'I' @120 
 - private static final 'MAX_UTF8_PROPERTY_STRING_LENGTH' 'I' @124 
 - ---- non-static fields (0 words):
 - non-static oop maps: 
stack at sp + 4 slots: 0x00007f02c5818500 is pointing into the stack for thread: 0x00007f02e00b21e0
stack at sp + 5 slots: 0x00007f02e5ed52fe: <offset 0x000000000093e2fe> in /nix/store/gpxl5qgg8kicmcvivwmybwjlpf7wh20l-graalvm17-ce-22.3.0/lib/server/libjvm.so at 0x00007f02e5597000
stack at sp + 6 slots: 0x00007f02c58183e0 is pointing into the stack for thread: 0x00007f02e00b21e0
stack at sp + 7 slots: 0x00007f02c5818440 is pointing into the stack for thread: 0x00007f02e00b21e0


---------------  P R O C E S S  ---------------

Threads class SMR info:
_java_thread_list=0x00007f0228000b70, length=26, elements={
0x00007f02e0026670, 0x00007f02e00a64b0, 0x00007f02e00a78f0, 0x00007f02e00ae050,
0x00007f02e00af400, 0x00007f02e00b07f0, 0x00007f02e00b21e0, 0x00007f02e00b36f0,
0x00007f02e00b4750, 0x00007f02e00d71e0, 0x00007f02e0121550, 0x00007f02e030bce0,
0x00007f02e033f220, 0x00007f02e0341ea0, 0x00007f02e0608040, 0x00007f0274016fb0,
0x00007f02742f9850, 0x00007f02744ddcc0, 0x00007f0274608ca0, 0x00007f02e0473b20,
0x00007f02680072a0, 0x00007f02e03babf0, 0x00007f0258001130, 0x00007f0250000ff0,
0x00007f0244446940, 0x00007f024c16b530
}

Java Threads: ( => current thread )
  0x00007f02e0026670 JavaThread "main" [_thread_blocked, id=27, stack(0x00007f02e53b2000,0x00007f02e54b2000)]
  0x00007f02e00a64b0 JavaThread "Reference Handler" daemon [_thread_blocked, id=30, stack(0x00007f02e43c9000,0x00007f02e44c9000)]
  0x00007f02e00a78f0 JavaThread "Finalizer" daemon [_thread_blocked, id=31, stack(0x00007f02e42c9000,0x00007f02e43c9000)]
  0x00007f02e00ae050 JavaThread "Signal Dispatcher" daemon [_thread_blocked, id=32, stack(0x00007f02e41c9000,0x00007f02e42c9000)]
  0x00007f02e00af400 JavaThread "Service Thread" daemon [_thread_blocked, id=33, stack(0x00007f02e40c9000,0x00007f02e41c9000)]
  0x00007f02e00b07f0 JavaThread "Monitor Deflation Thread" daemon [_thread_blocked, id=34, stack(0x00007f02c581a000,0x00007f02c591a000)]
=>0x00007f02e00b21e0 JavaThread "JVMCI-native CompilerThread0" daemon [_thread_in_vm, id=35, stack(0x00007f02c561a000,0x00007f02c581a000)]
  0x00007f02e00b36f0 JavaThread "C1 CompilerThread0" daemon [_thread_blocked, id=36, stack(0x00007f02c541a000,0x00007f02c561a000)]
  0x00007f02e00b4750 JavaThread "Sweeper thread" daemon [_thread_blocked, id=37, stack(0x00007f02c531a000,0x00007f02c541a000)]
  0x00007f02e00d71e0 JavaThread "Common-Cleaner" daemon [_thread_blocked, id=38, stack(0x00007f02c521a000,0x00007f02c531a000)]
  0x00007f02e0121550 JavaThread "Notification Thread" daemon [_thread_blocked, id=41, stack(0x00007f02c511a000,0x00007f02c521a000)]
  0x00007f02e030bce0 JavaThread "Active Thread: Equinox Container: 73b549d3-92f0-4ab9-a43a-1e59685d4e69" [_thread_blocked, id=45, stack(0x00007f02c4e00000,0x00007f02c4f00000)]
  0x00007f02e033f220 JavaThread "Framework Event Dispatcher: Equinox Container: 73b549d3-92f0-4ab9-a43a-1e59685d4e69" daemon [_thread_blocked, id=46, stack(0x00007f02c4c00000,0x00007f02c4d00000)]
  0x00007f02e0341ea0 JavaThread "Start Level: Equinox Container: 73b549d3-92f0-4ab9-a43a-1e59685d4e69" daemon [_thread_blocked, id=47, stack(0x00007f02c4a00000,0x00007f02c4b00000)]
  0x00007f02e0608040 JavaThread "Refresh Thread: Equinox Container: 73b549d3-92f0-4ab9-a43a-1e59685d4e69" daemon [_thread_blocked, id=48, stack(0x00007f02c4800000,0x00007f02c4900000)]
  0x00007f0274016fb0 JavaThread "SCR Component Actor" daemon [_thread_blocked, id=49, stack(0x00007f02c4600000,0x00007f02c4700000)]
  0x00007f02742f9850 JavaThread "Worker-JM" [_thread_blocked, id=51, stack(0x00007f02c4200000,0x00007f02c4300000)]
  0x00007f02744ddcc0 JavaThread "Java indexing" daemon [_thread_blocked, id=54, stack(0x00007f028c700000,0x00007f028c800000)]
  0x00007f0274608ca0 JavaThread "Bundle File Closer" daemon [_thread_blocked, id=55, stack(0x00007f028c500000,0x00007f028c600000)]
  0x00007f02e0473b20 JavaThread "pool-3-thread-1" [_thread_blocked, id=56, stack(0x00007f02c4400000,0x00007f02c4500000)]
  0x00007f02680072a0 JavaThread "Worker-2: Java indexing... " [_thread_blocked, id=57, stack(0x00007f028c300000,0x00007f028c400000)]
  0x00007f02e03babf0 JavaThread "pool-2-thread-1" [_thread_blocked, id=58, stack(0x00007f028c100000,0x00007f028c200000)]
  0x00007f0258001130 JavaThread "Worker-3" [_thread_blocked, id=59, stack(0x00007f028bf00000,0x00007f028c000000)]
  0x00007f0250000ff0 JavaThread "Worker-4" [_thread_blocked, id=60, stack(0x00007f028bd00000,0x00007f028be00000)]
  0x00007f0244446940 JavaThread "Okio Watchdog" daemon [_thread_blocked, id=68, stack(0x00007f028b500000,0x00007f028b600000)]
  0x00007f024c16b530 JavaThread "Thread-5" [_thread_blocked, id=72, stack(0x00007f028bc00000,0x00007f028bd00000)]

Other Threads:
  0x00007f02e00a1bf0 VMThread "VM Thread" [stack: 0x00007f02e44cb000,0x00007f02e45cb000] [id=29] _threads_hazard_ptr=0x00007f0228000b70
  0x00007f02e0122ef0 WatcherThread [stack: 0x00007f02c501a000,0x00007f02c511a000] [id=42]
  0x00007f02e003df10 GCTaskThread "GC Thread#0" [stack: 0x00007f02e4f75000,0x00007f02e5075000] [id=28]

Threads with active compile tasks:
JVMCI-native CompilerThread0   968120 9619       4       com.google.gson.stream.JsonReader::doPeek (744 bytes)

VM state: synchronizing (normal execution)

VM Mutex/Monitor currently owned by a thread:  ([mutex/lock_event])
[0x00007f02e0023820] Threads_lock - owner thread: 0x00007f02e00a1bf0
[0x00007f02e0023fd0] Heap_lock - owner thread: 0x00007f02680072a0

OutOfMemory and StackOverflow Exception counts:
OutOfMemoryError java_heap_errors=2
LinkageErrors=69

Heap address: 0x00000000e0000000, size: 512 MB, Compressed Oops mode: 32-bit

CDS archive(s) mapped at: [0x0000000800000000-0x0000000800bc8000-0x0000000800bc8000), size 12353536, SharedBaseAddress: 0x0000000800000000, ArchiveRelocationMode: 0.
Compressed class space mapped at: 0x0000000800c00000-0x0000000840c00000, reserved size: 1073741824
Narrow klass base: 0x0000000800000000, Narrow klass shift: 0, Narrow klass range: 0x100000000

GC Precious Log:
 CPUs: 8 total, 1 available
 Memory: 1024M
 Large Page Support: Disabled
 NUMA Support: Disabled
 Compressed Oops: Enabled (32-bit)
 Alignments: Space 512K, Generation 512K, Heap 2M
 Heap Min Capacity: 100M
 Heap Initial Capacity: 100M
 Heap Max Capacity: 512M
 Pre-touch: Disabled
 Parallel Workers: 1

Heap:
 PSYoungGen      total 37888K, used 27648K [0x00000000f5580000, 0x00000000f8680000, 0x0000000100000000)
  eden space 27648K, 100% used [0x00000000f5580000,0x00000000f7080000,0x00000000f7080000)
  from space 10240K, 0% used [0x00000000f7080000,0x00000000f7080000,0x00000000f7a80000)
  to   space 10240K, 0% used [0x00000000f7a80000,0x00000000f7a80000,0x00000000f8480000)
 ParOldGen       total 349696K, used 349693K [0x00000000e0000000, 0x00000000f5580000, 0x00000000f5580000)
  object space 349696K, 99% used [0x00000000e0000000,0x00000000f557f6c0,0x00000000f5580000)
 Metaspace       used 61244K, committed 62528K, reserved 1105920K
  class space    used 6033K, committed 6528K, reserved 1048576K

Card table byte_map: [0x00007f02e5075000,0x00007f02e5176000] _byte_map_base: 0x00007f02e4975000

Marking Bits: (ParMarkBitMap*) 0x00007f02e67c54c0
 Begin Bits: [0x00007f02c64b3000, 0x00007f02c6cb3000)
 End Bits:   [0x00007f02c6cb3000, 0x00007f02c74b3000)

Polling page: 0x00007f02e538f000

Metaspace:

Usage:
  Non-class:     53.92 MB used.
      Class:      5.89 MB used.
       Both:     59.81 MB used.

Virtual space:
  Non-class space:       56.00 MB reserved,      54.69 MB ( 98%) committed,  7 nodes.
      Class space:        1.00 GB reserved,       6.38 MB ( <1%) committed,  1 nodes.
             Both:        1.05 GB reserved,      61.06 MB (  6%) committed. 

Chunk freelists:
   Non-Class:  890.00 KB
       Class:  1.67 MB
        Both:  2.54 MB

MaxMetaspaceSize: unlimited
CompressedClassSpaceSize: 1.00 GB
Initial GC threshold: 21.00 MB
Current GC threshold: 101.69 MB
CDS: on
MetaspaceReclaimPolicy: balanced
 - commit_granule_bytes: 65536.
 - commit_granule_words: 8192.
 - virtual_space_node_default_size: 1048576.
 - enlarge_chunks_in_place: 1.
 - new_chunks_are_fully_committed: 0.
 - uncommit_free_chunks: 1.
 - use_allocation_guard: 0.
 - handle_deallocations: 1.


Internal statistics:

num_allocs_failed_limit: 6.
num_arena_births: 518.
num_arena_deaths: 150.
num_vsnodes_births: 8.
num_vsnodes_deaths: 0.
num_space_committed: 976.
num_space_uncommitted: 0.
num_chunks_returned_to_freelist: 212.
num_chunks_taken_from_freelist: 2967.
num_chunk_merges: 87.
num_chunk_splits: 1926.
num_chunks_enlarged: 1174.
num_purges: 8.
num_inconsistent_stats: 0.

CodeHeap 'non-profiled nmethods': size=120036Kb used=2691Kb max_used=2691Kb free=117344Kb
 bounds [0x00007f02cef7a000, 0x00007f02cf22a000, 0x00007f02d64b3000]
CodeHeap 'profiled nmethods': size=120032Kb used=14743Kb max_used=16101Kb free=105289Kb
 bounds [0x00007f02c7a42000, 0x00007f02c8a12000, 0x00007f02cef7a000]
CodeHeap 'non-nmethods': size=5692Kb used=1390Kb max_used=1404Kb free=4301Kb
 bounds [0x00007f02c74b3000, 0x00007f02c7723000, 0x00007f02c7a42000]
 total_blobs=8084 nmethods=7354 adapters=632
 compilation: enabled
              stopped_count=0, restarted_count=0
 full_count=0

JVMCI Events (20 events):
Event: 731.284 Thread 0x00007f02e00b21e0 compacted oop handles in JVMCI runtime 0 from 70 to 70
Event: 731.284 Thread 0x00007f02e00b21e0 releasing handles for JVMCI runtime 0: oop handles=70, metadata handles={total=128, live=125, blocks=30}
Event: 731.284 Thread 0x00007f02e00b21e0 detached from JVMCI runtime 0
Event: 731.284 Thread 0x00007f02e00b21e0 attached to JVMCI runtime 0
Event: 731.296 Thread 0x00007f02e00b21e0 created JavaVM[3]@0x00007f028af9e340 for JVMCI runtime 0
Event: 731.296 Thread 0x00007f02e00b21e0 initializing JVMCI runtime 0
Event: 731.296 Thread 0x00007f02e00b21e0 done waiting for JavaVM references initialization in JVMCI runtime 0
Event: 777.834 Thread 0x00007f02e00b21e0 initialized JVMCI runtime 0
Event: 798.317 Thread 0x00007f02e00b21e0 compacted oop handles in JVMCI runtime 0 from 61 to 60
Event: 799.623 Thread 0x00007f02e00b21e0 detaching from JVMCI runtime 0: releasing idle compiler thread (0 other threads still attached)
Event: 799.623 Thread 0x00007f02e00b21e0 shutting down HotSpotJVMCIRuntime for JVMCI runtime 0
Event: 799.623 Thread 0x00007f02e00b21e0 shut down JVMCI runtime 0
Event: 799.627 Thread 0x00007f02e00b21e0 destroyed JavaVM[3]@0x00007f028af9e340 for JVMCI runtime 0
Event: 799.627 Thread 0x00007f02e00b21e0 compacted oop handles in JVMCI runtime 0 from 60 to 60
Event: 799.627 Thread 0x00007f02e00b21e0 releasing handles for JVMCI runtime 0: oop handles=60, metadata handles={total=125, live=114, blocks=30}
Event: 799.627 Thread 0x00007f02e00b21e0 detached from JVMCI runtime 0
Event: 940.569 Thread 0x00007f02e00b21e0 attached to JVMCI runtime 0
Event: 940.570 Thread 0x00007f02e00b21e0 created JavaVM[4]@0x00007f028af9e340 for JVMCI runtime 0
Event: 943.514 Thread 0x00007f02e00b21e0 initializing JVMCI runtime 0
Event: 943.514 Thread 0x00007f02e00b21e0 done waiting for JavaVM references initialization in JVMCI runtime 0

Compilation events (20 events):
Event: 750.894 Thread 0x00007f02e00b36f0 9609       3       java.util.concurrent.ThreadPoolExecutor::isShutdown (12 bytes)
Event: 750.894 Thread 0x00007f02e00b36f0 nmethod 9609 0x00007f02c7cb1490 code [0x00007f02c7cb1640, 0x00007f02c7cb1830]
Event: 770.336 Thread 0x00007f02e00b36f0 9610       3       java.util.concurrent.ScheduledThreadPoolExecutor::canRunInCurrentRunState (61 bytes)
Event: 770.336 Thread 0x00007f02e00b36f0 nmethod 9610 0x00007f02c8524190 code [0x00007f02c85243a0, 0x00007f02c8524e40]
Event: 777.835 Thread 0x00007f02e00b36f0 9612       3       org.eclipse.jdt.ls.core.internal.handlers.ProgressReporterManager$ProgressReporter::subTask (40 bytes)
Event: 784.227 Thread 0x00007f02e00b36f0 nmethod 9612 0x00007f02c85d6510 code [0x00007f02c85d66e0, 0x00007f02c85d6a10]
Event: 794.204 Thread 0x00007f02e00b21e0 nmethod 9608 0x00007f02cf218c90 code [0x00007f02cf218e20, 0x00007f02cf219388]
Event: 794.204 Thread 0x00007f02e00b21e0 9611 %     4       java.io.DataOutputStream::writeUTF @ 10 (411 bytes)
Event: 798.317 Thread 0x00007f02e00b21e0 nmethod 9611% 0x00007f02cf219610 code [0x00007f02cf219800, 0x00007f02cf21a7a0]
Event: 802.247 Thread 0x00007f02e00b36f0 9615       3       java.text.MessageFormat::subformat (542 bytes)
Event: 803.840 Thread 0x00007f02e00b36f0 nmethod 9615 0x00007f02c88f1f90 code [0x00007f02c88f25e0, 0x00007f02c88f8440]
Event: 803.841 Thread 0x00007f02e00b36f0 9614       3       java.text.Format::format (24 bytes)
Event: 803.841 Thread 0x00007f02e00b36f0 nmethod 9614 0x00007f02c85dc190 code [0x00007f02c85dc380, 0x00007f02c85dc900]
Event: 863.929 Thread 0x00007f02e00b36f0 9616 %     3       java.text.MessageFormat::applyPattern @ 34 (422 bytes)
Event: 863.933 Thread 0x00007f02e00b36f0 nmethod 9616% 0x00007f02c8760590 code [0x00007f02c8760aa0, 0x00007f02c8764360]
Event: 898.835 Thread 0x00007f02e00b36f0 9617       3       org.eclipse.core.runtime.SubMonitor::isCanceled (20 bytes)
Event: 898.836 Thread 0x00007f02e00b36f0 nmethod 9617 0x00007f02c8667290 code [0x00007f02c8667440, 0x00007f02c8667840]
Event: 940.569 Thread 0x00007f02e00b21e0 9619       4       com.google.gson.stream.JsonReader::doPeek (744 bytes)
Event: 942.036 Thread 0x00007f02e00b36f0 9618  s    3       java.lang.StringBuffer::toString (59 bytes)
Event: 943.514 Thread 0x00007f02e00b36f0 nmethod 9618 0x00007f02c88b0090 code [0x00007f02c88b0280, 0x00007f02c88b07d0]

GC Heap History (20 events):
Event: 954.046 GC heap before
{Heap before GC invocations=692 (full 593):
 PSYoungGen      total 37888K, used 27647K [0x00000000f5580000, 0x00000000f8680000, 0x0000000100000000)
  eden space 27648K, 99% used [0x00000000f5580000,0x00000000f707fff8,0x00000000f7080000)
  from space 10240K, 0% used [0x00000000f7080000,0x00000000f7080000,0x00000000f7a80000)
  to   space 10240K, 0% used [0x00000000f7a80000,0x00000000f7a80000,0x00000000f8480000)
 ParOldGen       total 349696K, used 349695K [0x00000000e0000000, 0x00000000f5580000, 0x00000000f5580000)
  object space 349696K, 99% used [0x00000000e0000000,0x00000000f557fd08,0x00000000f5580000)
 Metaspace       used 61244K, committed 62528K, reserved 1105920K
  class space    used 6033K, committed 6528K, reserved 1048576K
}
Event: 955.512 GC heap after
{Heap after GC invocations=692 (full 593):
 PSYoungGen      total 37888K, used 27647K [0x00000000f5580000, 0x00000000f8680000, 0x0000000100000000)
  eden space 27648K, 99% used [0x00000000f5580000,0x00000000f707ffc0,0x00000000f7080000)
  from space 10240K, 0% used [0x00000000f7a80000,0x00000000f7a80000,0x00000000f8480000)
  to   space 10240K, 0% used [0x00000000f7080000,0x00000000f7080000,0x00000000f7a80000)
 ParOldGen       total 349696K, used 349694K [0x00000000e0000000, 0x00000000f5580000, 0x00000000f5580000)
  object space 349696K, 99% used [0x00000000e0000000,0x00000000f557f8a0,0x00000000f5580000)
 Metaspace       used 61244K, committed 62528K, reserved 1105920K
  class space    used 6033K, committed 6528K, reserved 1048576K
}
Event: 955.513 GC heap before
{Heap before GC invocations=693 (full 594):
 PSYoungGen      total 37888K, used 27647K [0x00000000f5580000, 0x00000000f8680000, 0x0000000100000000)
  eden space 27648K, 99% used [0x00000000f5580000,0x00000000f707fff0,0x00000000f7080000)
  from space 10240K, 0% used [0x00000000f7a80000,0x00000000f7a80000,0x00000000f8480000)
  to   space 10240K, 0% used [0x00000000f7080000,0x00000000f7080000,0x00000000f7a80000)
 ParOldGen       total 349696K, used 349694K [0x00000000e0000000, 0x00000000f5580000, 0x00000000f5580000)
  object space 349696K, 99% used [0x00000000e0000000,0x00000000f557f8a0,0x00000000f5580000)
 Metaspace       used 61244K, committed 62528K, reserved 1105920K
  class space    used 6033K, committed 6528K, reserved 1048576K
}
Event: 956.909 GC heap after
{Heap after GC invocations=693 (full 594):
 PSYoungGen      total 37888K, used 27647K [0x00000000f5580000, 0x00000000f8680000, 0x0000000100000000)
  eden space 27648K, 99% used [0x00000000f5580000,0x00000000f707fff0,0x00000000f7080000)
  from space 10240K, 0% used [0x00000000f7080000,0x00000000f7080000,0x00000000f7a80000)
  to   space 10240K, 0% used [0x00000000f7a80000,0x00000000f7a80000,0x00000000f8480000)
 ParOldGen       total 349696K, used 349694K [0x00000000e0000000, 0x00000000f5580000, 0x00000000f5580000)
  object space 349696K, 99% used [0x00000000e0000000,0x00000000f557f8a0,0x00000000f5580000)
 Metaspace       used 61244K, committed 62528K, reserved 1105920K
  class space    used 6033K, committed 6528K, reserved 1048576K
}
Event: 956.910 GC heap before
{Heap before GC invocations=694 (full 595):
 PSYoungGen      total 37888K, used 27648K [0x00000000f5580000, 0x00000000f8680000, 0x0000000100000000)
  eden space 27648K, 100% used [0x00000000f5580000,0x00000000f7080000,0x00000000f7080000)
  from space 10240K, 0% used [0x00000000f7080000,0x00000000f7080000,0x00000000f7a80000)
  to   space 10240K, 0% used [0x00000000f7a80000,0x00000000f7a80000,0x00000000f8480000)
 ParOldGen       total 349696K, used 349695K [0x00000000e0000000, 0x00000000f5580000, 0x00000000f5580000)
  object space 349696K, 99% used [0x00000000e0000000,0x00000000f557fff8,0x00000000f5580000)
 Metaspace       used 61244K, committed 62528K, reserved 1105920K
  class space    used 6033K, committed 6528K, reserved 1048576K
}
Event: 958.251 GC heap after
{Heap after GC invocations=694 (full 595):
 PSYoungGen      total 37888K, used 27647K [0x00000000f5580000, 0x00000000f8680000, 0x0000000100000000)
  eden space 27648K, 99% used [0x00000000f5580000,0x00000000f707ffd8,0x00000000f7080000)
  from space 10240K, 0% used [0x00000000f7a80000,0x00000000f7a80000,0x00000000f8480000)
  to   space 10240K, 0% used [0x00000000f7080000,0x00000000f7080000,0x00000000f7a80000)
 ParOldGen       total 349696K, used 349695K [0x00000000e0000000, 0x00000000f5580000, 0x00000000f5580000)
  object space 349696K, 99% used [0x00000000e0000000,0x00000000f557fd30,0x00000000f5580000)
 Metaspace       used 61244K, committed 62528K, reserved 1105920K
  class space    used 6033K, committed 6528K, reserved 1048576K
}
Event: 958.251 GC heap before
{Heap before GC invocations=695 (full 596):
 PSYoungGen      total 37888K, used 27647K [0x00000000f5580000, 0x00000000f8680000, 0x0000000100000000)
  eden space 27648K, 99% used [0x00000000f5580000,0x00000000f707fff0,0x00000000f7080000)
  from space 10240K, 0% used [0x00000000f7a80000,0x00000000f7a80000,0x00000000f8480000)
  to   space 10240K, 0% used [0x00000000f7080000,0x00000000f7080000,0x00000000f7a80000)
 ParOldGen       total 349696K, used 349695K [0x00000000e0000000, 0x00000000f5580000, 0x00000000f5580000)
  object space 349696K, 99% used [0x00000000e0000000,0x00000000f557ff78,0x00000000f5580000)
 Metaspace       used 61244K, committed 62528K, reserved 1105920K
  class space    used 6033K, committed 6528K, reserved 1048576K
}
Event: 959.556 GC heap after
{Heap after GC invocations=695 (full 596):
 PSYoungGen      total 37888K, used 27647K [0x00000000f5580000, 0x00000000f8680000, 0x0000000100000000)
  eden space 27648K, 99% used [0x00000000f5580000,0x00000000f707fff0,0x00000000f7080000)
  from space 10240K, 0% used [0x00000000f7080000,0x00000000f7080000,0x00000000f7a80000)
  to   space 10240K, 0% used [0x00000000f7a80000,0x00000000f7a80000,0x00000000f8480000)
 ParOldGen       total 349696K, used 349695K [0x00000000e0000000, 0x00000000f5580000, 0x00000000f5580000)
  object space 349696K, 99% used [0x00000000e0000000,0x00000000f557ff78,0x00000000f5580000)
 Metaspace       used 61244K, committed 62528K, reserved 1105920K
  class space    used 6033K, committed 6528K, reserved 1048576K
}
Event: 959.556 GC heap before
{Heap before GC invocations=696 (full 597):
 PSYoungGen      total 37888K, used 27647K [0x00000000f5580000, 0x00000000f8680000, 0x0000000100000000)
  eden space 27648K, 99% used [0x00000000f5580000,0x00000000f707fff0,0x00000000f7080000)
  from space 10240K, 0% used [0x00000000f7080000,0x00000000f7080000,0x00000000f7a80000)
  to   space 10240K, 0% used [0x00000000f7a80000,0x00000000f7a80000,0x00000000f8480000)
 ParOldGen       total 349696K, used 349695K [0x00000000e0000000, 0x00000000f5580000, 0x00000000f5580000)
  object space 349696K, 99% used [0x00000000e0000000,0x00000000f557ff78,0x00000000f5580000)
 Metaspace       used 61244K, committed 62528K, reserved 1105920K
  class space    used 6033K, committed 6528K, reserved 1048576K
}
Event: 960.971 GC heap after
{Heap after GC invocations=696 (full 597):
 PSYoungGen      total 37888K, used 27647K [0x00000000f5580000, 0x00000000f8680000, 0x0000000100000000)
  eden space 27648K, 99% used [0x00000000f5580000,0x00000000f707ff48,0x00000000f7080000)
  from space 10240K, 0% used [0x00000000f7a80000,0x00000000f7a80000,0x00000000f8480000)
  to   space 10240K, 0% used [0x00000000f7080000,0x00000000f7080000,0x00000000f7a80000)
 ParOldGen       total 349696K, used 349695K [0x00000000e0000000, 0x00000000f5580000, 0x00000000f5580000)
  object space 349696K, 99% used [0x00000000e0000000,0x00000000f557fc70,0x00000000f5580000)
 Metaspace       used 61244K, committed 62528K, reserved 1105920K
  class space    used 6033K, committed 6528K, reserved 1048576K
}
Event: 960.972 GC heap before
{Heap before GC invocations=697 (full 598):
 PSYoungGen      total 37888K, used 27647K [0x00000000f5580000, 0x00000000f8680000, 0x0000000100000000)
  eden space 27648K, 99% used [0x00000000f5580000,0x00000000f707fff8,0x00000000f7080000)
  from space 10240K, 0% used [0x00000000f7a80000,0x00000000f7a80000,0x00000000f8480000)
  to   space 10240K, 0% used [0x00000000f7080000,0x00000000f7080000,0x00000000f7a80000)
 ParOldGen       total 349696K, used 349695K [0x00000000e0000000, 0x00000000f5580000, 0x00000000f5580000)
  object space 349696K, 99% used [0x00000000e0000000,0x00000000f557fde8,0x00000000f5580000)
 Metaspace       used 61244K, committed 62528K, reserved 1105920K
  class space    used 6033K, committed 6528K, reserved 1048576K
}
Event: 962.406 GC heap after
{Heap after GC invocations=697 (full 598):
 PSYoungGen      total 37888K, used 27647K [0x00000000f5580000, 0x00000000f8680000, 0x0000000100000000)
  eden space 27648K, 99% used [0x00000000f5580000,0x00000000f707ff50,0x00000000f7080000)
  from space 10240K, 0% used [0x00000000f7080000,0x00000000f7080000,0x00000000f7a80000)
  to   space 10240K, 0% used [0x00000000f7a80000,0x00000000f7a80000,0x00000000f8480000)
 ParOldGen       total 349696K, used 349693K [0x00000000e0000000, 0x00000000f5580000, 0x00000000f5580000)
  object space 349696K, 99% used [0x00000000e0000000,0x00000000f557f468,0x00000000f5580000)
 Metaspace       used 61244K, committed 62528K, reserved 1105920K
  class space    used 6033K, committed 6528K, reserved 1048576K
}
Event: 962.412 GC heap before
{Heap before GC invocations=698 (full 599):
 PSYoungGen      total 37888K, used 27648K [0x00000000f5580000, 0x00000000f8680000, 0x0000000100000000)
  eden space 27648K, 100% used [0x00000000f5580000,0x00000000f7080000,0x00000000f7080000)
  from space 10240K, 0% used [0x00000000f7080000,0x00000000f7080000,0x00000000f7a80000)
  to   space 10240K, 0% used [0x00000000f7a80000,0x00000000f7a80000,0x00000000f8480000)
 ParOldGen       total 349696K, used 349693K [0x00000000e0000000, 0x00000000f5580000, 0x00000000f5580000)
  object space 349696K, 99% used [0x00000000e0000000,0x00000000f557f468,0x00000000f5580000)
 Metaspace       used 61244K, committed 62528K, reserved 1105920K
  class space    used 6033K, committed 6528K, reserved 1048576K
}
Event: 963.743 GC heap after
{Heap after GC invocations=698 (full 599):
 PSYoungGen      total 37888K, used 27647K [0x00000000f5580000, 0x00000000f8680000, 0x0000000100000000)
  eden space 27648K, 99% used [0x00000000f5580000,0x00000000f707ff60,0x00000000f7080000)
  from space 10240K, 0% used [0x00000000f7a80000,0x00000000f7a80000,0x00000000f8480000)
  to   space 10240K, 0% used [0x00000000f7080000,0x00000000f7080000,0x00000000f7a80000)
 ParOldGen       total 349696K, used 349689K [0x00000000e0000000, 0x00000000f5580000, 0x00000000f5580000)
  object space 349696K, 99% used [0x00000000e0000000,0x00000000f557e768,0x00000000f5580000)
 Metaspace       used 61244K, committed 62528K, reserved 1105920K
  class space    used 6033K, committed 6528K, reserved 1048576K
}
Event: 963.745 GC heap before
{Heap before GC invocations=699 (full 600):
 PSYoungGen      total 37888K, used 27647K [0x00000000f5580000, 0x00000000f8680000, 0x0000000100000000)
  eden space 27648K, 99% used [0x00000000f5580000,0x00000000f707ff88,0x00000000f7080000)
  from space 10240K, 0% used [0x00000000f7a80000,0x00000000f7a80000,0x00000000f8480000)
  to   space 10240K, 0% used [0x00000000f7080000,0x00000000f7080000,0x00000000f7a80000)
 ParOldGen       total 349696K, used 349689K [0x00000000e0000000, 0x00000000f5580000, 0x00000000f5580000)
  object space 349696K, 99% used [0x00000000e0000000,0x00000000f557e768,0x00000000f5580000)
 Metaspace       used 61244K, committed 62528K, reserved 1105920K
  class space    used 6033K, committed 6528K, reserved 1048576K
}
Event: 965.073 GC heap after
{Heap after GC invocations=699 (full 600):
 PSYoungGen      total 37888K, used 27647K [0x00000000f5580000, 0x00000000f8680000, 0x0000000100000000)
  eden space 27648K, 99% used [0x00000000f5580000,0x00000000f707ff78,0x00000000f7080000)
  from space 10240K, 0% used [0x00000000f7080000,0x00000000f7080000,0x00000000f7a80000)
  to   space 10240K, 0% used [0x00000000f7a80000,0x00000000f7a80000,0x00000000f8480000)
 ParOldGen       total 349696K, used 349689K [0x00000000e0000000, 0x00000000f5580000, 0x00000000f5580000)
  object space 349696K, 99% used [0x00000000e0000000,0x00000000f557e768,0x00000000f5580000)
 Metaspace       used 61244K, committed 62528K, reserved 1105920K
  class space    used 6033K, committed 6528K, reserved 1048576K
}
Event: 965.073 GC heap before
{Heap before GC invocations=700 (full 601):
 PSYoungGen      total 37888K, used 27648K [0x00000000f5580000, 0x00000000f8680000, 0x0000000100000000)
  eden space 27648K, 100% used [0x00000000f5580000,0x00000000f7080000,0x00000000f7080000)
  from space 10240K, 0% used [0x00000000f7080000,0x00000000f7080000,0x00000000f7a80000)
  to   space 10240K, 0% used [0x00000000f7a80000,0x00000000f7a80000,0x00000000f8480000)
 ParOldGen       total 349696K, used 349694K [0x00000000e0000000, 0x00000000f5580000, 0x00000000f5580000)
  object space 349696K, 99% used [0x00000000e0000000,0x00000000f557fae0,0x00000000f5580000)
 Metaspace       used 61244K, committed 62528K, reserved 1105920K
  class space    used 6033K, committed 6528K, reserved 1048576K
}
Event: 966.524 GC heap after
{Heap after GC invocations=700 (full 601):
 PSYoungGen      total 37888K, used 27647K [0x00000000f5580000, 0x00000000f8680000, 0x0000000100000000)
  eden space 27648K, 99% used [0x00000000f5580000,0x00000000f707ffe0,0x00000000f7080000)
  from space 10240K, 0% used [0x00000000f7a80000,0x00000000f7a80000,0x00000000f8480000)
  to   space 10240K, 0% used [0x00000000f7080000,0x00000000f7080000,0x00000000f7a80000)
 ParOldGen       total 349696K, used 349693K [0x00000000e0000000, 0x00000000f5580000, 0x00000000f5580000)
  object space 349696K, 99% used [0x00000000e0000000,0x00000000f557f5e0,0x00000000f5580000)
 Metaspace       used 61244K, committed 62528K, reserved 1105920K
  class space    used 6033K, committed 6528K, reserved 1048576K
}
Event: 966.524 GC heap before
{Heap before GC invocations=701 (full 602):
 PSYoungGen      total 37888K, used 27647K [0x00000000f5580000, 0x00000000f8680000, 0x0000000100000000)
  eden space 27648K, 99% used [0x00000000f5580000,0x00000000f707ffe0,0x00000000f7080000)
  from space 10240K, 0% used [0x00000000f7a80000,0x00000000f7a80000,0x00000000f8480000)
  to   space 10240K, 0% used [0x00000000f7080000,0x00000000f7080000,0x00000000f7a80000)
 ParOldGen       total 349696K, used 349693K [0x00000000e0000000, 0x00000000f5580000, 0x00000000f5580000)
  object space 349696K, 99% used [0x00000000e0000000,0x00000000f557f5e0,0x00000000f5580000)
 Metaspace       used 61244K, committed 62528K, reserved 1105920K
  class space    used 6033K, committed 6528K, reserved 1048576K
}
Event: 967.883 GC heap after
{Heap after GC invocations=701 (full 602):
 PSYoungGen      total 37888K, used 27647K [0x00000000f5580000, 0x00000000f8680000, 0x0000000100000000)
  eden space 27648K, 99% used [0x00000000f5580000,0x00000000f707ffe0,0x00000000f7080000)
  from space 10240K, 0% used [0x00000000f7080000,0x00000000f7080000,0x00000000f7a80000)
  to   space 10240K, 0% used [0x00000000f7a80000,0x00000000f7a80000,0x00000000f8480000)
 ParOldGen       total 349696K, used 349693K [0x00000000e0000000, 0x00000000f5580000, 0x00000000f5580000)
  object space 349696K, 99% used [0x00000000e0000000,0x00000000f557f5e0,0x00000000f5580000)
 Metaspace       used 61244K, committed 62528K, reserved 1105920K
  class space    used 6033K, committed 6528K, reserved 1048576K
}

Dll operation events (9 events):
Event: 0.002 Loaded shared library /nix/store/gpxl5qgg8kicmcvivwmybwjlpf7wh20l-graalvm17-ce-22.3.0/lib/libjava.so
Event: 0.011 Loaded shared library /nix/store/gpxl5qgg8kicmcvivwmybwjlpf7wh20l-graalvm17-ce-22.3.0/lib/libjsvml.so
Event: 0.493 Loaded shared library /nix/store/gpxl5qgg8kicmcvivwmybwjlpf7wh20l-graalvm17-ce-22.3.0/lib/libnio.so
Event: 0.498 Loaded shared library /nix/store/gpxl5qgg8kicmcvivwmybwjlpf7wh20l-graalvm17-ce-22.3.0/lib/libzip.so
Event: 0.500 Loaded shared library /nix/store/gpxl5qgg8kicmcvivwmybwjlpf7wh20l-graalvm17-ce-22.3.0/lib/libjvmcicompiler.so
Event: 1.011 Loaded shared library /nix/store/gpxl5qgg8kicmcvivwmybwjlpf7wh20l-graalvm17-ce-22.3.0/lib/libjimage.so
Event: 2.086 Loaded shared library /nix/store/gpxl5qgg8kicmcvivwmybwjlpf7wh20l-graalvm17-ce-22.3.0/lib/libnet.so
Event: 8.634 Loaded shared library /home/runner/.cache/jdt-language-server/config/org.eclipse.equinox.launcher/org.eclipse.equinox.launcher.gtk.linux.x86_64_1.2.400.v20211117-0650/eclipse_11600.so
Event: 25.563 Loaded shared library /nix/store/gpxl5qgg8kicmcvivwmybwjlpf7wh20l-graalvm17-ce-22.3.0/lib/libextnet.so

Deoptimization events (20 events):
Event: 87.465 Thread 0x00007f02744ddcc0 DEOPT PACKING pc=0x00007f02c8214b5d sp=0x00007f028c7fe530
Event: 87.465 Thread 0x00007f02744ddcc0 DEOPT UNPACKING pc=0x00007f02c7505325 sp=0x00007f028c7fda20 mode 0
Event: 87.467 Thread 0x00007f02744ddcc0 DEOPT PACKING pc=0x00007f02c8214b5d sp=0x00007f028c7fe530
Event: 87.467 Thread 0x00007f02744ddcc0 DEOPT UNPACKING pc=0x00007f02c7505325 sp=0x00007f028c7fda20 mode 0
Event: 87.476 Thread 0x00007f02744ddcc0 DEOPT PACKING pc=0x00007f02c8214b5d sp=0x00007f028c7fe530
Event: 87.476 Thread 0x00007f02744ddcc0 DEOPT UNPACKING pc=0x00007f02c7505325 sp=0x00007f028c7fda20 mode 0
Event: 87.487 Thread 0x00007f02744ddcc0 DEOPT PACKING pc=0x00007f02c8214b5d sp=0x00007f028c7fe530
Event: 87.487 Thread 0x00007f02744ddcc0 DEOPT UNPACKING pc=0x00007f02c7505325 sp=0x00007f028c7fda20 mode 0
Event: 87.489 Thread 0x00007f02744ddcc0 DEOPT PACKING pc=0x00007f02c8214b5d sp=0x00007f028c7fe530
Event: 87.489 Thread 0x00007f02744ddcc0 DEOPT UNPACKING pc=0x00007f02c7505325 sp=0x00007f028c7fda20 mode 0
Event: 87.521 Thread 0x00007f02744ddcc0 DEOPT PACKING pc=0x00007f02c8214b5d sp=0x00007f028c7fe530
Event: 87.521 Thread 0x00007f02744ddcc0 DEOPT UNPACKING pc=0x00007f02c7505325 sp=0x00007f028c7fda20 mode 0
Event: 87.556 Thread 0x00007f02744ddcc0 DEOPT PACKING pc=0x00007f02c8214b5d sp=0x00007f028c7fe530
Event: 87.556 Thread 0x00007f02744ddcc0 DEOPT UNPACKING pc=0x00007f02c7505325 sp=0x00007f028c7fda20 mode 0
Event: 87.567 Thread 0x00007f02744ddcc0 DEOPT PACKING pc=0x00007f02c8214b5d sp=0x00007f028c7fe530
Event: 87.567 Thread 0x00007f02744ddcc0 DEOPT UNPACKING pc=0x00007f02c7505325 sp=0x00007f028c7fda20 mode 0
Event: 87.573 Thread 0x00007f02744ddcc0 DEOPT PACKING pc=0x00007f02c8214b5d sp=0x00007f028c7fe530
Event: 87.573 Thread 0x00007f02744ddcc0 DEOPT UNPACKING pc=0x00007f02c7505325 sp=0x00007f028c7fda20 mode 0
Event: 962.407 Thread 0x00007f02e03babf0 DEOPT PACKING pc=0x00007f02cf0aeb94 sp=0x00007f028c1fcda0
Event: 962.407 Thread 0x00007f02e03babf0 DEOPT UNPACKING pc=0x00007f02c7505325 sp=0x00007f028c1fc220 mode 1

Classes unloaded (20 events):
Event: 186.713 Thread 0x00007f02e00a1bf0 Unloading class 0x0000000801118c00 'jdk/internal/reflect/GeneratedSerializationConstructorAccessor10'
Event: 186.713 Thread 0x00007f02e00a1bf0 Unloading class 0x0000000801118800 'jdk/internal/reflect/GeneratedSerializationConstructorAccessor9'
Event: 186.713 Thread 0x00007f02e00a1bf0 Unloading class 0x0000000801118400 'jdk/internal/reflect/GeneratedSerializationConstructorAccessor8'
Event: 186.713 Thread 0x00007f02e00a1bf0 Unloading class 0x0000000801118000 'jdk/internal/reflect/GeneratedConstructorAccessor37'
Event: 186.713 Thread 0x00007f02e00a1bf0 Unloading class 0x000000080110cc00 'jdk/internal/reflect/GeneratedSerializationConstructorAccessor7'
Event: 186.713 Thread 0x00007f02e00a1bf0 Unloading class 0x000000080110c800 'jdk/internal/reflect/GeneratedSerializationConstructorAccessor6'
Event: 186.713 Thread 0x00007f02e00a1bf0 Unloading class 0x000000080110c400 'jdk/internal/reflect/GeneratedSerializationConstructorAccessor5'
Event: 186.713 Thread 0x00007f02e00a1bf0 Unloading class 0x000000080110c000 'jdk/internal/reflect/GeneratedSerializationConstructorAccessor4'
Event: 186.713 Thread 0x00007f02e00a1bf0 Unloading class 0x0000000801100000 'jdk/internal/reflect/GeneratedConstructorAccessor36'
Event: 186.713 Thread 0x00007f02e00a1bf0 Unloading class 0x00000008010dcc00 'jdk/internal/reflect/GeneratedMethodAccessor10'
Event: 186.713 Thread 0x00007f02e00a1bf0 Unloading class 0x00000008010dc800 'jdk/internal/reflect/GeneratedMethodAccessor9'
Event: 186.713 Thread 0x00007f02e00a1bf0 Unloading class 0x00000008010dc400 'jdk/internal/reflect/GeneratedMethodAccessor8'
Event: 186.713 Thread 0x00007f02e00a1bf0 Unloading class 0x00000008010dc000 'jdk/internal/reflect/GeneratedMethodAccessor7'
Event: 186.713 Thread 0x00007f02e00a1bf0 Unloading class 0x00000008010b7000 'jdk/internal/reflect/GeneratedSerializationConstructorAccessor3'
Event: 186.713 Thread 0x00007f02e00a1bf0 Unloading class 0x0000000801086400 'jdk/internal/reflect/GeneratedSerializationConstructorAccessor2'
Event: 186.713 Thread 0x00007f02e00a1bf0 Unloading class 0x0000000801086000 'jdk/internal/reflect/GeneratedSerializationConstructorAccessor1'
Event: 186.713 Thread 0x00007f02e00a1bf0 Unloading class 0x0000000800f0c000 'jdk/internal/reflect/GeneratedConstructorAccessor14'
Event: 186.713 Thread 0x00007f02e00a1bf0 Unloading class 0x0000000800f04800 'jdk/internal/reflect/GeneratedConstructorAccessor12'
Event: 186.713 Thread 0x00007f02e00a1bf0 Unloading class 0x0000000800f04400 'jdk/internal/reflect/GeneratedConstructorAccessor11'
Event: 186.713 Thread 0x00007f02e00a1bf0 Unloading class 0x0000000800f04000 'jdk/internal/reflect/GeneratedConstructorAccessor10'

Classes redefined (0 events):
No events

Internal exceptions (20 events):
Event: 53.629 Thread 0x00007f027435af90 Exception <a 'java/lang/NoSuchMethodError'{0x00000000f55cd3a0}: 'java.lang.Object java.lang.invoke.DirectMethodHandle$Holder.invokeStatic(java.lang.Object, java.lang.Object, java.lang.Object, long)'> (0x00000000f55cd3a0) 
thrown [src/hotspot/share/interpreter/linkResolver.cpp, line 758]
Event: 53.629 Thread 0x00007f027435af90 Exception <a 'java/lang/NoSuchMethodError'{0x00000000f58014d8}: 'java.lang.Object java.lang.invoke.DirectMethodHandle$Holder.newInvokeSpecial(java.lang.Object, java.lang.Object, java.lang.Object, long)'> (0x00000000f58014d8) 
thrown [src/hotspot/share/interpreter/linkResolver.cpp, line 758]
Event: 53.630 Thread 0x00007f027435af90 Exception <a 'java/lang/NoSuchMethodError'{0x00000000f5805860}: 'java.lang.Object java.lang.invoke.DirectMethodHandle$Holder.invokeSpecial(java.lang.Object, java.lang.Object, java.lang.Object, java.lang.Object, long)'> (0x00000000f5805860) 
thrown [src/hotspot/share/interpreter/linkResolver.cpp, line 758]
Event: 53.630 Thread 0x00007f027435af90 Exception <a 'java/lang/NoSuchMethodError'{0x00000000f5809638}: 'java.lang.Object java.lang.invoke.Invokers$Holder.linkToTargetMethod(java.lang.Object, java.lang.Object, long, java.lang.Object)'> (0x00000000f5809638) 
thrown [src/hotspot/share/interpreter/linkResolver.cpp, line 758]
Event: 55.492 Thread 0x00007f0250000ff0 Implicit null exception at 0x00007f02cf0b3de9 to 0x00007f02cf0b3f9b
Event: 55.808 Thread 0x00007f02744ddcc0 Implicit null exception at 0x00007f02cf155026 to 0x00007f02cf15a528
Event: 57.994 Thread 0x00007f02682f1020 Exception <a 'java/io/FileNotFoundException'{0x00000000f6942a28}> (0x00000000f6942a28) 
thrown [src/hotspot/share/prims/jni.cpp, line 516]
Event: 58.012 Thread 0x00007f02680010d0 Exception <a 'java/lang/NoSuchMethodError'{0x00000000f6970018}: 'java.lang.Object java.lang.invoke.DirectMethodHandle$Holder.newInvokeSpecial(java.lang.Object, java.lang.Object, int, java.lang.Object, java.lang.Object)'> (0x00000000f6970018) 
thrown [src/hotspot/share/interpreter/linkResolver.cpp, line 758]
Event: 58.013 Thread 0x00007f02680010d0 Exception <a 'java/lang/NoSuchMethodError'{0x00000000f6975c40}: 'java.lang.Object java.lang.invoke.DirectMethodHandle$Holder.invokeSpecial(java.lang.Object, java.lang.Object, java.lang.Object, int, java.lang.Object, java.lang.Object)'> (0x00000000f6975c40) 
thrown [src/hotspot/share/interpreter/linkResolver.cpp, line 758]
Event: 58.049 Thread 0x00007f02680010d0 Exception <a 'java/lang/NoSuchMethodError'{0x00000000f6b97f68}: 'java.lang.Object java.lang.invoke.DirectMethodHandle$Holder.newInvokeSpecial(java.lang.Object, java.lang.Object, java.lang.Object, int, java.lang.Object)'> (0x00000000f6b97f68) 
thrown [src/hotspot/share/interpreter/linkResolver.cpp, line 758]
Event: 58.050 Thread 0x00007f02680010d0 Exception <a 'java/lang/NoSuchMethodError'{0x00000000f6b9c118}: 'java.lang.Object java.lang.invoke.DirectMethodHandle$Holder.invokeSpecial(java.lang.Object, java.lang.Object, java.lang.Object, java.lang.Object, int, java.lang.Object)'> (0x00000000f6b9c118) 
thrown [src/hotspot/share/interpreter/linkResolver.cpp, line 758]
Event: 58.051 Thread 0x00007f02680010d0 Exception <a 'java/lang/NoSuchMethodError'{0x00000000f6b9fc00}: 'java.lang.Object java.lang.invoke.Invokers$Holder.linkToTargetMethod(java.lang.Object, java.lang.Object, int, java.lang.Object, java.lang.Object)'> (0x00000000f6b9fc00) 
thrown [src/hotspot/share/interpreter/linkResolver.cpp, line 758]
Event: 66.852 Thread 0x00007f024c169fb0 Exception <a 'java/lang/NoSuchMethodError'{0x00000000f5eb0470}: 'java.lang.Object java.lang.invoke.DirectMethodHandle$Holder.invokeStatic(java.lang.Object, int, java.lang.Object, java.lang.Object, java.lang.Object, java.lang.Object)'> (0x00000000f5eb0470) 
thrown [src/hotspot/share/interpreter/linkResolver.cpp, line 758]
Event: 66.854 Thread 0x00007f024c169fb0 Exception <a 'java/lang/NoSuchMethodError'{0x00000000f5eb8e20}: 'java.lang.Object java.lang.invoke.DirectMethodHandle$Holder.newInvokeSpecial(java.lang.Object, int, java.lang.Object, java.lang.Object, java.lang.Object)'> (0x00000000f5eb8e20) 
thrown [src/hotspot/share/interpreter/linkResolver.cpp, line 758]
Event: 66.922 Thread 0x00007f024c16a8a0 Exception <a 'java/lang/NoSuchMethodError'{0x00000000f605f2d8}: 'java.lang.Object java.lang.invoke.DirectMethodHandle$Holder.newInvokeSpecial(java.lang.Object, java.lang.Object, int, java.lang.Object, java.lang.Object, java.lang.Object, java.lang.Object)'> (0x00000000f605f2d8) 
thrown [src/hotspot/share/interpreter/linkResolver.cpp, line 758]
Event: 67.243 Thread 0x00007f024c16a8a0 Exception <a 'java/lang/NoSuchMethodError'{0x00000000f5b0d710}: 'void java.lang.invoke.DirectMethodHandle$Holder.invokeSpecial(java.lang.Object, java.lang.Object, int)'> (0x00000000f5b0d710) 
thrown [src/hotspot/share/interpreter/linkResolver.cpp, line 758]
Event: 68.852 Thread 0x00007f024c169fb0 Exception <a 'java/lang/NoSuchMethodError'{0x00000000f5d28888}: 'int java.lang.invoke.DirectMethodHandle$Holder.invokeSpecialIFC(java.lang.Object, java.lang.Object, java.lang.Object, java.lang.Object)'> (0x00000000f5d28888) 
thrown [src/hotspot/share/interpreter/linkResolver.cpp, line 758]
Event: 71.315 Thread 0x00007f02744ddcc0 Implicit null exception at 0x00007f02cf1b0a15 to 0x00007f02cf1b10fe
Event: 960.971 Thread 0x00007f02e03babf0 Exception <a 'java/lang/OutOfMemoryError'{0x00000000e00165c8}> (0x00000000e00165c8) 
thrown [src/hotspot/share/gc/shared/memAllocator.cpp, line 136]
Event: 967.883 Thread 0x00007f02e00b21e0 Exception <a 'java/lang/OutOfMemoryError'{0x00000000e0016898}> (0x00000000e0016898) 
thrown [src/hotspot/share/gc/shared/memAllocator.cpp, line 136]

VM Operations (20 events):
Event: 952.712 Executing VM operation: ParallelGCFailedAllocation done
Event: 952.712 Executing VM operation: ParallelGCFailedAllocation
Event: 954.043 Executing VM operation: ParallelGCFailedAllocation done
Event: 954.043 Executing VM operation: ParallelGCFailedAllocation
Event: 955.513 Executing VM operation: ParallelGCFailedAllocation done
Event: 955.513 Executing VM operation: ParallelGCFailedAllocation
Event: 956.909 Executing VM operation: ParallelGCFailedAllocation done
Event: 956.910 Executing VM operation: ParallelGCFailedAllocation
Event: 958.251 Executing VM operation: ParallelGCFailedAllocation done
Event: 958.251 Executing VM operation: ParallelGCFailedAllocation
Event: 960.971 Executing VM operation: ParallelGCFailedAllocation done
Event: 960.971 Executing VM operation: ParallelGCFailedAllocation
Event: 962.407 Executing VM operation: ParallelGCFailedAllocation done
Event: 962.409 Executing VM operation: ParallelGCFailedAllocation
Event: 963.743 Executing VM operation: ParallelGCFailedAllocation done
Event: 963.743 Executing VM operation: ParallelGCFailedAllocation
Event: 965.073 Executing VM operation: ParallelGCFailedAllocation done
Event: 965.073 Executing VM operation: ParallelGCFailedAllocation
Event: 967.883 Executing VM operation: ParallelGCFailedAllocation done
Event: 967.884 Executing VM operation: ParallelGCFailedAllocation

Events (20 events):
Event: 66.729 Thread 0x00007f02e00b4750 flushing nmethod 0x00007f02c89dc090
Event: 66.816 loading class java/util/stream/Streams$ConcatSpliterator$OfRef
Event: 66.817 loading class java/util/stream/Streams$ConcatSpliterator
Event: 66.817 loading class java/util/stream/Streams$ConcatSpliterator done
Event: 66.817 loading class java/util/stream/Streams$ConcatSpliterator$OfRef done
Event: 66.817 loading class java/util/stream/Streams$2
Event: 66.817 loading class java/util/stream/Streams$2 done
Event: 66.849 loading class java/lang/Throwable$WrappedPrintWriter
Event: 66.849 loading class java/lang/Throwable$WrappedPrintWriter done
Event: 67.743 loading class java/util/AbstractList$SubList
Event: 67.743 loading class java/util/AbstractList$SubList done
Event: 68.895 Thread 0x00007f024c169fb0 Thread exited: 0x00007f024c169fb0
Event: 68.902 Thread 0x00007f024c16a8a0 Thread exited: 0x00007f024c16a8a0
Event: 106.299 Thread 0x00007f0230003020 Thread exited: 0x00007f0230003020
Event: 132.550 Thread 0x00007f02680010d0 Thread exited: 0x00007f02680010d0
Event: 135.439 Thread 0x00007f02682f1020 Thread exited: 0x00007f02682f1020
Event: 143.330 Thread 0x00007f027435af90 Thread exited: 0x00007f027435af90
Event: 396.959 Thread 0x00007f024443f0b0 Thread exited: 0x00007f024443f0b0
Event: 412.621 Thread 0x00007f0230001dd0 Thread exited: 0x00007f0230001dd0
Event: 480.121 Thread 0x00007f0244440070 Thread exited: 0x00007f0244440070


Dynamic libraries:
e0000000-f5580000 rw-p 00000000 00:00 0 
f5580000-f8680000 rw-p 00000000 00:00 0 
f8680000-100000000 ---p 00000000 00:00 0 
800000000-800449000 rw-p 00001000 00:1124 4611686019135357769            /nix/store/gpxl5qgg8kicmcvivwmybwjlpf7wh20l-graalvm17-ce-22.3.0/lib/server/classes.jsa
800449000-800bc8000 r--p 0044a000 00:1124 4611686019135357769            /nix/store/gpxl5qgg8kicmcvivwmybwjlpf7wh20l-graalvm17-ce-22.3.0/lib/server/classes.jsa
800bc8000-800c00000 ---p 00000000 00:00 0 
800c00000-800c20000 rw-p 00000000 00:00 0 
800c20000-800c40000 rw-p 00000000 00:00 0 
800c40000-800cc0000 rw-p 00000000 00:00 0 
800cc0000-800d00000 rw-p 00000000 00:00 0 
800d00000-800dc0000 rw-p 00000000 00:00 0 
800dc0000-800e00000 rw-p 00000000 00:00 0 
800e00000-800f40000 rw-p 00000000 00:00 0 
800f40000-800f80000 rw-p 00000000 00:00 0 
800f80000-800fc0000 rw-p 00000000 00:00 0 
800fc0000-801000000 rw-p 00000000 00:00 0 
801000000-8011e0000 rw-p 00000000 00:00 0 
8011e0000-8011f0000 rw-p 00000000 00:00 0 
8011f0000-801200000 ---p 00000000 00:00 0 
801200000-801270000 rw-p 00000000 00:00 0 
801270000-840c00000 ---p 00000000 00:00 0 
555797b9c000-555797b9d000 r-xp 00000000 00:1124 4611686019099417844      /nix/store/gpxl5qgg8kicmcvivwmybwjlpf7wh20l-graalvm17-ce-22.3.0/bin/.java-wrapped
555797b9e000-555797b9f000 r--p 00001000 00:1124 4611686019099417844      /nix/store/gpxl5qgg8kicmcvivwmybwjlpf7wh20l-graalvm17-ce-22.3.0/bin/.java-wrapped
555797b9f000-555797ba0000 rw-p 00002000 00:1124 4611686019099417844      /nix/store/gpxl5qgg8kicmcvivwmybwjlpf7wh20l-graalvm17-ce-22.3.0/bin/.java-wrapped
555797ba0000-555797ba1000 rw-p 00004000 00:1124 4611686019099417844      /nix/store/gpxl5qgg8kicmcvivwmybwjlpf7wh20l-graalvm17-ce-22.3.0/bin/.java-wrapped
555797ba1000-555797ba2000 rw-p 00005000 00:1124 4611686019099417844      /nix/store/gpxl5qgg8kicmcvivwmybwjlpf7wh20l-graalvm17-ce-22.3.0/bin/.java-wrapped
555799b23000-555799b6b000 rw-p 00000000 00:00 0                          [heap]
7f0218000000-7f0218104000 rw-p 00000000 00:00 0 
7f0218104000-7f021c000000 ---p 00000000 00:00 0 
7f021c000000-7f021c087000 rw-p 00000000 00:00 0 
7f021c087000-7f0220000000 ---p 00000000 00:00 0 
7f0220000000-7f0220021000 rw-p 00000000 00:00 0 
7f0220021000-7f0224000000 ---p 00000000 00:00 0 
7f0224000000-7f0224021000 rw-p 00000000 00:00 0 
7f0224021000-7f0228000000 ---p 00000000 00:00 0 
7f0228000000-7f0228021000 rw-p 00000000 00:00 0 
7f0228021000-7f022c000000 ---p 00000000 00:00 0 
7f022c000000-7f022c021000 rw-p 00000000 00:00 0 
7f022c021000-7f0230000000 ---p 00000000 00:00 0 
7f0230000000-7f0230021000 rw-p 00000000 00:00 0 
7f0230021000-7f0234000000 ---p 00000000 00:00 0 
7f02364b3000-7f0240000000 r--s 00000000 00:1124 4611686019135192581      /nix/store/gpxl5qgg8kicmcvivwmybwjlpf7wh20l-graalvm17-ce-22.3.0/lib/modules
7f0240000000-7f0240026000 rw-p 00000000 00:00 0 
7f0240026000-7f0244000000 ---p 00000000 00:00 0 
7f0244000000-7f02445fe000 rw-p 00000000 00:00 0 
7f02445fe000-7f0248000000 ---p 00000000 00:00 0 
7f0248c00000-7f0249360000 rw-p 00000000 00:00 0 
7f0249360000-7f0249400000 ---p 00000000 00:00 0 
7f024a400000-7f024ab00000 rw-p 00000000 00:00 0 
7f024ab00000-7f024ab50000 rw-p 00000000 00:00 0 
7f024ab50000-7f024ac00000 ---p 00000000 00:00 0 
7f024b000000-7f024b500000 rw-p 00000000 00:00 0 
7f024b500000-7f024b600000 rw-p 00000000 00:00 0 
7f024b600000-7f024b800000 rw-p 00000000 00:00 0 
7f024b800000-7f024b900000 rw-p 00000000 00:00 0 
7f024b900000-7f024bb00000 rw-p 00000000 00:00 0 
7f024bb00000-7f024bd00000 rw-p 00000000 00:00 0 
7f024bd00000-7f024bde0000 rw-p 00000000 00:00 0 
7f024bde0000-7f024bf00000 rw-p 00000000 00:00 0 
7f024bf00000-7f024c000000 rw-p 00000000 00:00 0 
7f024c000000-7f024c18e000 rw-p 00000000 00:00 0 
7f024c18e000-7f0250000000 ---p 00000000 00:00 0 
7f0250000000-7f0250028000 rw-p 00000000 00:00 0 
7f0250028000-7f0254000000 ---p 00000000 00:00 0 
7f0254000000-7f0254021000 rw-p 00000000 00:00 0 
7f0254021000-7f0258000000 ---p 00000000 00:00 0 
7f0258000000-7f02580fc000 rw-p 00000000 00:00 0 
7f02580fc000-7f025c000000 ---p 00000000 00:00 0 
7f025c000000-7f025c06b000 rw-p 00000000 00:00 0 
7f025c06b000-7f0260000000 ---p 00000000 00:00 0 
7f0260000000-7f0260069000 rw-p 00000000 00:00 0 
7f0260069000-7f0264000000 ---p 00000000 00:00 0 
7f0264000000-7f0264021000 rw-p 00000000 00:00 0 
7f0264021000-7f0268000000 ---p 00000000 00:00 0 
7f0268000000-7f02682fe000 rw-p 00000000 00:00 0 
7f02682fe000-7f026c000000 ---p 00000000 00:00 0 
7f026c000000-7f026c021000 rw-p 00000000 00:00 0 
7f026c021000-7f0270000000 ---p 00000000 00:00 0 
7f0270000000-7f0270021000 rw-p 00000000 00:00 0 
7f0270021000-7f0274000000 ---p 00000000 00:00 0 
7f0274000000-7f027490b000 rw-p 00000000 00:00 0 
7f027490b000-7f0278000000 ---p 00000000 00:00 0 
7f0278000000-7f0278023000 rw-p 00000000 00:00 0 
7f0278023000-7f027c000000 ---p 00000000 00:00 0 
7f027c000000-7f027c021000 rw-p 00000000 00:00 0 
7f027c021000-7f0280000000 ---p 00000000 00:00 0 
7f0280000000-7f0280021000 rw-p 00000000 00:00 0 
7f0280021000-7f0284000000 ---p 00000000 00:00 0 
7f0284000000-7f028406b000 rw-p 00000000 00:00 0 
7f028406b000-7f0288000000 ---p 00000000 00:00 0 
7f0288400000-7f0288500000 rw-p 00000000 00:00 0 
7f0288500000-7f0288600000 rw-p 00000000 00:00 0 
7f0288600000-7f0288be0000 rw-p 00000000 00:00 0 
7f0288be0000-7f0288c00000 rw-p 00000000 00:00 0 
7f0288c00000-7f0288d00000 rw-p 00000000 00:00 0 
7f0288d00000-7f0288e00000 rw-p 00000000 00:00 0 
7f0288e00000-7f0289300000 rw-p 00000000 00:00 0 
7f0289300000-7f0289400000 rw-p 00000000 00:00 0 
7f028a000000-7f028a010000 r-xp 00000000 00:10ef 356                      /home/runner/.cache/jdt-language-server/config/org.eclipse.equinox.launcher/org.eclipse.equinox.launcher.gtk.linux.x86_64_1.2.400.v20211117-0650/eclipse_11600.so
7f028a010000-7f028a20f000 ---p 00010000 00:10ef 356                      /home/runner/.cache/jdt-language-server/config/org.eclipse.equinox.launcher/org.eclipse.equinox.launcher.gtk.linux.x86_64_1.2.400.v20211117-0650/eclipse_11600.so
7f028a20f000-7f028a210000 r--p 0000f000 00:10ef 356                      /home/runner/.cache/jdt-language-server/config/org.eclipse.equinox.launcher/org.eclipse.equinox.launcher.gtk.linux.x86_64_1.2.400.v20211117-0650/eclipse_11600.so
7f028a210000-7f028a211000 rw-p 00010000 00:10ef 356                      /home/runner/.cache/jdt-language-server/config/org.eclipse.equinox.launcher/org.eclipse.equinox.launcher.gtk.linux.x86_64_1.2.400.v20211117-0650/eclipse_11600.so
7f028a300000-7f028a400000 ---p 00000000 00:00 0 
7f028a400000-7f028a9af000 r--p 01122000 00:1124 4611686019135190040      /nix/store/gpxl5qgg8kicmcvivwmybwjlpf7wh20l-graalvm17-ce-22.3.0/lib/libjvmcicompiler.so
7f028a9af000-7f028ab00000 r--p 00000000 00:00 0 
7f028ab00000-7f028ab3d000 rw-p 00000000 00:00 0 
7f028ab3d000-7f028b05d000 rw-p 0185f000 00:1124 4611686019135190040      /nix/store/gpxl5qgg8kicmcvivwmybwjlpf7wh20l-graalvm17-ce-22.3.0/lib/libjvmcicompiler.so
7f028b05d000-7f028b444000 r--p 01d7f000 00:1124 4611686019135190040      /nix/store/gpxl5qgg8kicmcvivwmybwjlpf7wh20l-graalvm17-ce-22.3.0/lib/libjvmcicompiler.so
7f028b500000-7f028b504000 ---p 00000000 00:00 0 
7f028b504000-7f028b600000 rw-p 00000000 00:00 0 
7f028b700000-7f028b704000 ---p 00000000 00:00 0 
7f028b704000-7f028b800000 rw-p 00000000 00:00 0 
7f028b900000-7f028b904000 ---p 00000000 00:00 0 
7f028b904000-7f028ba00000 rw-p 00000000 00:00 0 
7f028bb00000-7f028bb04000 ---p 00000000 00:00 0 
7f028bb04000-7f028bc00000 rw-p 00000000 00:00 0 
7f028bc00000-7f028bc04000 ---p 00000000 00:00 0 
7f028bc04000-7f028bd00000 rw-p 00000000 00:00 0 
7f028bd00000-7f028bd04000 ---p 00000000 00:00 0 
7f028bd04000-7f028be00000 rw-p 00000000 00:00 0 
7f028bf00000-7f028bf04000 ---p 00000000 00:00 0 
7f028bf04000-7f028c000000 rw-p 00000000 00:00 0 
7f028c100000-7f028c104000 ---p 00000000 00:00 0 
7f028c104000-7f028c200000 rw-p 00000000 00:00 0 
7f028c300000-7f028c304000 ---p 00000000 00:00 0 
7f028c304000-7f028c400000 rw-p 00000000 00:00 0 
7f028c400000-7f028c404000 ---p 00000000 00:00 0 
7f028c404000-7f028c500000 rw-p 00000000 00:00 0 
7f028c500000-7f028c504000 ---p 00000000 00:00 0 
7f028c504000-7f028c600000 rw-p 00000000 00:00 0 
7f028c700000-7f028c704000 ---p 00000000 00:00 0 
7f028c704000-7f028c800000 rw-p 00000000 00:00 0 
7f028c800000-7f028c804000 ---p 00000000 00:00 0 
7f028c804000-7f028c900000 rw-p 00000000 00:00 0 
7f028c900000-7f028c904000 ---p 00000000 00:00 0 
7f028c904000-7f028ca00000 rw-p 00000000 00:00 0 
7f028d668000-7f028db00000 rw-p 00000000 00:00 0 
7f028dc00000-7f028fd6a000 r-xp 00000000 00:1124 4611686019135190040      /nix/store/gpxl5qgg8kicmcvivwmybwjlpf7wh20l-graalvm17-ce-22.3.0/lib/libjvmcicompiler.so
7f028fd6a000-7f028ff69000 ---p 0216a000 00:1124 4611686019135190040      /nix/store/gpxl5qgg8kicmcvivwmybwjlpf7wh20l-graalvm17-ce-22.3.0/lib/libjvmcicompiler.so
7f028ff69000-7f028ff6a000 r--p 02169000 00:1124 4611686019135190040      /nix/store/gpxl5qgg8kicmcvivwmybwjlpf7wh20l-graalvm17-ce-22.3.0/lib/libjvmcicompiler.so
7f028ff6a000-7f028ff6c000 rw-p 0216a000 00:1124 4611686019135190040      /nix/store/gpxl5qgg8kicmcvivwmybwjlpf7wh20l-graalvm17-ce-22.3.0/lib/libjvmcicompiler.so
7f028ff6c000-7f028ff6d000 rw-p 00000000 00:00 0 
7f028ff6d000-7f028ff72000 rw-p 023c3000 00:1124 4611686019135190040      /nix/store/gpxl5qgg8kicmcvivwmybwjlpf7wh20l-graalvm17-ce-22.3.0/lib/libjvmcicompiler.so
7f0290000000-7f0290021000 rw-p 00000000 00:00 0 
7f0290021000-7f0294000000 ---p 00000000 00:00 0 
7f0294000000-7f0294021000 rw-p 00000000 00:00 0 
7f0294021000-7f0298000000 ---p 00000000 00:00 0 
7f0298000000-7f0298021000 rw-p 00000000 00:00 0 
7f0298021000-7f029c000000 ---p 00000000 00:00 0 
7f029c000000-7f029c021000 rw-p 00000000 00:00 0 
7f029c021000-7f02a0000000 ---p 00000000 00:00 0 
7f02a0000000-7f02a00df000 rw-p 00000000 00:00 0 
7f02a00df000-7f02a4000000 ---p 00000000 00:00 0 
7f02a4000000-7f02a4b87000 rw-p 00000000 00:00 0 
7f02a4b87000-7f02a8000000 ---p 00000000 00:00 0 
7f02a8000000-7f02a8021000 rw-p 00000000 00:00 0 
7f02a8021000-7f02ac000000 ---p 00000000 00:00 0 
7f02ac000000-7f02ac021000 rw-p 00000000 00:00 0 
7f02ac021000-7f02b0000000 ---p 00000000 00:00 0 
7f02b0000000-7f02b0021000 rw-p 00000000 00:00 0 
7f02b0021000-7f02b4000000 ---p 00000000 00:00 0 
7f02b4000000-7f02b4021000 rw-p 00000000 00:00 0 
7f02b4021000-7f02b8000000 ---p 00000000 00:00 0 
7f02b8000000-7f02b8021000 rw-p 00000000 00:00 0 
7f02b8021000-7f02bc000000 ---p 00000000 00:00 0 
7f02bc000000-7f02bc021000 rw-p 00000000 00:00 0 
7f02bc021000-7f02c0000000 ---p 00000000 00:00 0 
7f02c0000000-7f02c0111000 rw-p 00000000 00:00 0 
7f02c0111000-7f02c4004000 ---p 00000000 00:00 0 
7f02c4004000-7f02c4100000 rw-p 00000000 00:00 0 
7f02c4200000-7f02c4204000 ---p 00000000 00:00 0 
7f02c4204000-7f02c4300000 rw-p 00000000 00:00 0 
7f02c4400000-7f02c4404000 ---p 00000000 00:00 0 
7f02c4404000-7f02c4500000 rw-p 00000000 00:00 0 
7f02c4500000-7f02c4504000 ---p 00000000 00:00 0 
7f02c4504000-7f02c4600000 rw-p 00000000 00:00 0 
7f02c4600000-7f02c4604000 ---p 00000000 00:00 0 
7f02c4604000-7f02c4700000 rw-p 00000000 00:00 0 
7f02c4800000-7f02c4804000 ---p 00000000 00:00 0 
7f02c4804000-7f02c4900000 rw-p 00000000 00:00 0 
7f02c4a00000-7f02c4a04000 ---p 00000000 00:00 0 
7f02c4a04000-7f02c4b00000 rw-p 00000000 00:00 0 
7f02c4c00000-7f02c4c04000 ---p 00000000 00:00 0 
7f02c4c04000-7f02c4d00000 rw-p 00000000 00:00 0 
7f02c4d00000-7f02c4d04000 ---p 00000000 00:00 0 
7f02c4d04000-7f02c4e00000 rw-p 00000000 00:00 0 
7f02c4e00000-7f02c4e04000 ---p 00000000 00:00 0 
7f02c4e04000-7f02c4f00000 rw-p 00000000 00:00 0 
7f02c5018000-7f02c5019000 ---p 00000000 00:00 0 
7f02c5019000-7f02c511a000 rw-p 00000000 00:00 0 
7f02c511a000-7f02c511e000 ---p 00000000 00:00 0 
7f02c511e000-7f02c521a000 rw-p 00000000 00:00 0 
7f02c521a000-7f02c521e000 ---p 00000000 00:00 0 
7f02c521e000-7f02c531a000 rw-p 00000000 00:00 0 
7f02c531a000-7f02c531e000 ---p 00000000 00:00 0 
7f02c531e000-7f02c541a000 rw-p 00000000 00:00 0 
7f02c541a000-7f02c541e000 ---p 00000000 00:00 0 
7f02c541e000-7f02c561a000 rw-p 00000000 00:00 0 
7f02c561a000-7f02c561e000 ---p 00000000 00:00 0 
7f02c561e000-7f02c581a000 rw-p 00000000 00:00 0 
7f02c581a000-7f02c581e000 ---p 00000000 00:00 0 
7f02c581e000-7f02c591a000 rw-p 00000000 00:00 0 
7f02c591a000-7f02c5c00000 r--p 00000000 00:1088 28444448                 /usr/lib/locale/locale-archive
7f02c5c00000-7f02c6000000 rw-p 00000000 00:00 0 
7f02c6000000-7f02c6300000 rw-p 00000000 00:00 0 
7f02c6300000-7f02c6400000 rw-p 00000000 00:00 0 
7f02c64b3000-7f02c74b3000 rw-p 00000000 00:00 0 
7f02c74b3000-7f02c7723000 rwxp 00000000 00:00 0 
7f02c7723000-7f02c7a42000 ---p 00000000 00:00 0 
7f02c7a42000-7f02c8a12000 rwxp 00000000 00:00 0 
7f02c8a12000-7f02cef7a000 ---p 00000000 00:00 0 
7f02cef7a000-7f02cf22a000 rwxp 00000000 00:00 0 
7f02cf22a000-7f02d64b3000 ---p 00000000 00:00 0 
7f02d64b3000-7f02e0000000 r--s 00000000 00:1124 4611686019135192581      /nix/store/gpxl5qgg8kicmcvivwmybwjlpf7wh20l-graalvm17-ce-22.3.0/lib/modules
7f02e0000000-7f02e060c000 rw-p 00000000 00:00 0 
7f02e060c000-7f02e4000000 ---p 00000000 00:00 0 
7f02e4061000-7f02e4063000 r-xp 00000000 00:1124 4611686019135190017      /nix/store/gpxl5qgg8kicmcvivwmybwjlpf7wh20l-graalvm17-ce-22.3.0/lib/libextnet.so
7f02e4063000-7f02e4064000 r--p 00001000 00:1124 4611686019135190017      /nix/store/gpxl5qgg8kicmcvivwmybwjlpf7wh20l-graalvm17-ce-22.3.0/lib/libextnet.so
7f02e4064000-7f02e4065000 rw-p 00002000 00:1124 4611686019135190017      /nix/store/gpxl5qgg8kicmcvivwmybwjlpf7wh20l-graalvm17-ce-22.3.0/lib/libextnet.so
7f02e4065000-7f02e4066000 rw-p 00004000 00:1124 4611686019135190017      /nix/store/gpxl5qgg8kicmcvivwmybwjlpf7wh20l-graalvm17-ce-22.3.0/lib/libextnet.so
7f02e4066000-7f02e406a000 ---p 00000000 00:00 0 
7f02e406a000-7f02e4088000 rw-p 00000000 00:00 0 
7f02e4088000-7f02e408f000 r-xp 00000000 00:1124 4611686019135192580      /nix/store/gpxl5qgg8kicmcvivwmybwjlpf7wh20l-graalvm17-ce-22.3.0/lib/libzip.so
7f02e408f000-7f02e4090000 ---p 00007000 00:1124 4611686019135192580      /nix/store/gpxl5qgg8kicmcvivwmybwjlpf7wh20l-graalvm17-ce-22.3.0/lib/libzip.so
7f02e4090000-7f02e4091000 r--p 00007000 00:1124 4611686019135192580      /nix/store/gpxl5qgg8kicmcvivwmybwjlpf7wh20l-graalvm17-ce-22.3.0/lib/libzip.so
7f02e4091000-7f02e4092000 rw-p 00008000 00:1124 4611686019135192580      /nix/store/gpxl5qgg8kicmcvivwmybwjlpf7wh20l-graalvm17-ce-22.3.0/lib/libzip.so
7f02e4092000-7f02e4094000 rw-p 0000b000 00:1124 4611686019135192580      /nix/store/gpxl5qgg8kicmcvivwmybwjlpf7wh20l-graalvm17-ce-22.3.0/lib/libzip.so
7f02e4094000-7f02e40a9000 r-xp 00000000 00:1124 4611686019135192570      /nix/store/gpxl5qgg8kicmcvivwmybwjlpf7wh20l-graalvm17-ce-22.3.0/lib/libnet.so
7f02e40a9000-7f02e40aa000 ---p 00015000 00:1124 4611686019135192570      /nix/store/gpxl5qgg8kicmcvivwmybwjlpf7wh20l-graalvm17-ce-22.3.0/lib/libnet.so
7f02e40aa000-7f02e40ab000 r--p 00015000 00:1124 4611686019135192570      /nix/store/gpxl5qgg8kicmcvivwmybwjlpf7wh20l-graalvm17-ce-22.3.0/lib/libnet.so
7f02e40ab000-7f02e40ac000 rw-p 00016000 00:1124 4611686019135192570      /nix/store/gpxl5qgg8kicmcvivwmybwjlpf7wh20l-graalvm17-ce-22.3.0/lib/libnet.so
7f02e40ac000-7f02e40af000 rw-p 0001b000 00:1124 4611686019135192570      /nix/store/gpxl5qgg8kicmcvivwmybwjlpf7wh20l-graalvm17-ce-22.3.0/lib/libnet.so
7f02e40af000-7f02e40c2000 r-xp 00000000 00:1124 4611686019135192571      /nix/store/gpxl5qgg8kicmcvivwmybwjlpf7wh20l-graalvm17-ce-22.3.0/lib/libnio.so
7f02e40c2000-7f02e40c3000 r--p 00012000 00:1124 4611686019135192571      /nix/store/gpxl5qgg8kicmcvivwmybwjlpf7wh20l-graalvm17-ce-22.3.0/lib/libnio.so
7f02e40c3000-7f02e40c4000 rw-p 00013000 00:1124 4611686019135192571      /nix/store/gpxl5qgg8kicmcvivwmybwjlpf7wh20l-graalvm17-ce-22.3.0/lib/libnio.so
7f02e40c4000-7f02e40c9000 rw-p 00019000 00:1124 4611686019135192571      /nix/store/gpxl5qgg8kicmcvivwmybwjlpf7wh20l-graalvm17-ce-22.3.0/lib/libnio.so
7f02e40c9000-7f02e40cd000 ---p 00000000 00:00 0 
7f02e40cd000-7f02e41c9000 rw-p 00000000 00:00 0 
7f02e41c9000-7f02e41cd000 ---p 00000000 00:00 0 
7f02e41cd000-7f02e42c9000 rw-p 00000000 00:00 0 
7f02e42c9000-7f02e42cd000 ---p 00000000 00:00 0 
7f02e42cd000-7f02e43c9000 rw-p 00000000 00:00 0 
7f02e43c9000-7f02e43cd000 ---p 00000000 00:00 0 
7f02e43cd000-7f02e44c9000 rw-p 00000000 00:00 0 
7f02e44c9000-7f02e44ca000 ---p 00000000 00:00 0 
7f02e44ca000-7f02e45cb000 rw-p 00000000 00:00 0 
7f02e45cb000-7f02e4699000 r-xp 00000000 00:1124 4611686019135190036      /nix/store/gpxl5qgg8kicmcvivwmybwjlpf7wh20l-graalvm17-ce-22.3.0/lib/libjsvml.so
7f02e4699000-7f02e469a000 r--p 000cd000 00:1124 4611686019135190036      /nix/store/gpxl5qgg8kicmcvivwmybwjlpf7wh20l-graalvm17-ce-22.3.0/lib/libjsvml.so
7f02e469a000-7f02e469b000 rw-p 000ce000 00:1124 4611686019135190036      /nix/store/gpxl5qgg8kicmcvivwmybwjlpf7wh20l-graalvm17-ce-22.3.0/lib/libjsvml.so
7f02e469b000-7f02e4f73000 rw-p 00000000 00:00 0 
7f02e4f73000-7f02e4f74000 ---p 00000000 00:00 0 
7f02e4f74000-7f02e511f000 rw-p 00000000 00:00 0 
7f02e511f000-7f02e5139000 rw-p 00000000 00:00 0 
7f02e5139000-7f02e5175000 ---p 00000000 00:00 0 
7f02e5175000-7f02e517c000 rw-p 00000000 00:00 0 
7f02e517c000-7f02e5261000 ---p 00000000 00:00 0 
7f02e5261000-7f02e5281000 rw-p 00000000 00:00 0 
7f02e5281000-7f02e534c000 ---p 00000000 00:00 0 
7f02e534c000-7f02e5351000 rw-p 00000000 00:00 0 
7f02e5351000-7f02e5358000 ---p 00000000 00:00 0 
7f02e5358000-7f02e537c000 r-xp 00000000 00:1124 4611686019135190028      /nix/store/gpxl5qgg8kicmcvivwmybwjlpf7wh20l-graalvm17-ce-22.3.0/lib/libjava.so
7f02e537c000-7f02e537d000 ---p 00024000 00:1124 4611686019135190028      /nix/store/gpxl5qgg8kicmcvivwmybwjlpf7wh20l-graalvm17-ce-22.3.0/lib/libjava.so
7f02e537d000-7f02e537e000 r--p 00024000 00:1124 4611686019135190028      /nix/store/gpxl5qgg8kicmcvivwmybwjlpf7wh20l-graalvm17-ce-22.3.0/lib/libjava.so
7f02e537e000-7f02e537f000 rw-p 00025000 00:1124 4611686019135190028      /nix/store/gpxl5qgg8kicmcvivwmybwjlpf7wh20l-graalvm17-ce-22.3.0/lib/libjava.so
7f02e537f000-7f02e5380000 rw-p 00000000 00:00 0 
7f02e5380000-7f02e5387000 rw-p 0002f000 00:1124 4611686019135190028      /nix/store/gpxl5qgg8kicmcvivwmybwjlpf7wh20l-graalvm17-ce-22.3.0/lib/libjava.so
7f02e5387000-7f02e538f000 rw-s 00000000 00:1056 353                      /tmp/hsperfdata_runner/20
7f02e538f000-7f02e5390000 ---p 00000000 00:00 0 
7f02e5390000-7f02e5391000 r--p 00000000 00:00 0 
7f02e5391000-7f02e5392000 rwxp 00000000 00:00 0 
7f02e5392000-7f02e53ad000 r-xp 00000000 00:1124 4611686019135190032      /nix/store/gpxl5qgg8kicmcvivwmybwjlpf7wh20l-graalvm17-ce-22.3.0/lib/libjimage.so
7f02e53ad000-7f02e53ae000 ---p 0001b000 00:1124 4611686019135190032      /nix/store/gpxl5qgg8kicmcvivwmybwjlpf7wh20l-graalvm17-ce-22.3.0/lib/libjimage.so
7f02e53ae000-7f02e53b0000 r--p 0001b000 00:1124 4611686019135190032      /nix/store/gpxl5qgg8kicmcvivwmybwjlpf7wh20l-graalvm17-ce-22.3.0/lib/libjimage.so
7f02e53b0000-7f02e53b1000 rw-p 0001d000 00:1124 4611686019135190032      /nix/store/gpxl5qgg8kicmcvivwmybwjlpf7wh20l-graalvm17-ce-22.3.0/lib/libjimage.so
7f02e53b1000-7f02e53b2000 rw-p 00024000 00:1124 4611686019135190032      /nix/store/gpxl5qgg8kicmcvivwmybwjlpf7wh20l-graalvm17-ce-22.3.0/lib/libjimage.so
7f02e53b2000-7f02e53b6000 ---p 00000000 00:00 0 
7f02e53b6000-7f02e54b2000 rw-p 00000000 00:00 0 
7f02e54b2000-7f02e54c0000 r--p 00000000 00:1124 4611686019027979927      /nix/store/4nlgxhb09sdr51nc9hdm8az5b08vzkgx-glibc-2.35-163/lib/libm.so.6
7f02e54c0000-7f02e5533000 r-xp 0000e000 00:1124 4611686019027979927      /nix/store/4nlgxhb09sdr51nc9hdm8az5b08vzkgx-glibc-2.35-163/lib/libm.so.6
7f02e5533000-7f02e5590000 r--p 00081000 00:1124 4611686019027979927      /nix/store/4nlgxhb09sdr51nc9hdm8az5b08vzkgx-glibc-2.35-163/lib/libm.so.6
7f02e5590000-7f02e5591000 r--p 000dd000 00:1124 4611686019027979927      /nix/store/4nlgxhb09sdr51nc9hdm8az5b08vzkgx-glibc-2.35-163/lib/libm.so.6
7f02e5591000-7f02e5592000 rw-p 000de000 00:1124 4611686019027979927      /nix/store/4nlgxhb09sdr51nc9hdm8az5b08vzkgx-glibc-2.35-163/lib/libm.so.6
7f02e5592000-7f02e5593000 r--p 00000000 00:1124 4611686019027979946      /nix/store/4nlgxhb09sdr51nc9hdm8az5b08vzkgx-glibc-2.35-163/lib/librt.so.1
7f02e5593000-7f02e5594000 r-xp 00001000 00:1124 4611686019027979946      /nix/store/4nlgxhb09sdr51nc9hdm8az5b08vzkgx-glibc-2.35-163/lib/librt.so.1
7f02e5594000-7f02e5595000 r--p 00002000 00:1124 4611686019027979946      /nix/store/4nlgxhb09sdr51nc9hdm8az5b08vzkgx-glibc-2.35-163/lib/librt.so.1
7f02e5595000-7f02e5596000 r--p 00002000 00:1124 4611686019027979946      /nix/store/4nlgxhb09sdr51nc9hdm8az5b08vzkgx-glibc-2.35-163/lib/librt.so.1
7f02e5596000-7f02e5597000 rw-p 00003000 00:1124 4611686019027979946      /nix/store/4nlgxhb09sdr51nc9hdm8az5b08vzkgx-glibc-2.35-163/lib/librt.so.1
7f02e5597000-7f02e66aa000 r-xp 00000000 00:1124 4611686019135360866      /nix/store/gpxl5qgg8kicmcvivwmybwjlpf7wh20l-graalvm17-ce-22.3.0/lib/server/libjvm.so
7f02e66aa000-7f02e66ab000 ---p 01113000 00:1124 4611686019135360866      /nix/store/gpxl5qgg8kicmcvivwmybwjlpf7wh20l-graalvm17-ce-22.3.0/lib/server/libjvm.so
7f02e66ab000-7f02e6760000 r--p 01113000 00:1124 4611686019135360866      /nix/store/gpxl5qgg8kicmcvivwmybwjlpf7wh20l-graalvm17-ce-22.3.0/lib/server/libjvm.so
7f02e6760000-7f02e6794000 rw-p 011c8000 00:1124 4611686019135360866      /nix/store/gpxl5qgg8kicmcvivwmybwjlpf7wh20l-graalvm17-ce-22.3.0/lib/server/libjvm.so
7f02e6794000-7f02e67f0000 rw-p 00000000 00:00 0 
7f02e67f0000-7f02e6818000 r--p 00000000 00:1124 4611686019027979918      /nix/store/4nlgxhb09sdr51nc9hdm8az5b08vzkgx-glibc-2.35-163/lib/libc.so.6
7f02e6818000-7f02e698e000 r-xp 00028000 00:1124 4611686019027979918      /nix/store/4nlgxhb09sdr51nc9hdm8az5b08vzkgx-glibc-2.35-163/lib/libc.so.6
7f02e698e000-7f02e69e6000 r--p 0019e000 00:1124 4611686019027979918      /nix/store/4nlgxhb09sdr51nc9hdm8az5b08vzkgx-glibc-2.35-163/lib/libc.so.6
7f02e69e6000-7f02e69ea000 r--p 001f6000 00:1124 4611686019027979918      /nix/store/4nlgxhb09sdr51nc9hdm8az5b08vzkgx-glibc-2.35-163/lib/libc.so.6
7f02e69ea000-7f02e69ec000 rw-p 001fa000 00:1124 4611686019027979918      /nix/store/4nlgxhb09sdr51nc9hdm8az5b08vzkgx-glibc-2.35-163/lib/libc.so.6
7f02e69ec000-7f02e69fb000 rw-p 00000000 00:00 0 
7f02e69fb000-7f02e69fc000 r--p 00000000 00:1124 4611686019027979923      /nix/store/4nlgxhb09sdr51nc9hdm8az5b08vzkgx-glibc-2.35-163/lib/libdl.so.2
7f02e69fc000-7f02e69fd000 r-xp 00001000 00:1124 4611686019027979923      /nix/store/4nlgxhb09sdr51nc9hdm8az5b08vzkgx-glibc-2.35-163/lib/libdl.so.2
7f02e69fd000-7f02e69fe000 r--p 00002000 00:1124 4611686019027979923      /nix/store/4nlgxhb09sdr51nc9hdm8az5b08vzkgx-glibc-2.35-163/lib/libdl.so.2
7f02e69fe000-7f02e69ff000 r--p 00002000 00:1124 4611686019027979923      /nix/store/4nlgxhb09sdr51nc9hdm8az5b08vzkgx-glibc-2.35-163/lib/libdl.so.2
7f02e69ff000-7f02e6a00000 rw-p 00003000 00:1124 4611686019027979923      /nix/store/4nlgxhb09sdr51nc9hdm8az5b08vzkgx-glibc-2.35-163/lib/libdl.so.2
7f02e6a00000-7f02e6a01000 r--p 00000000 00:1124 4611686019027979942      /nix/store/4nlgxhb09sdr51nc9hdm8az5b08vzkgx-glibc-2.35-163/lib/libpthread.so.0
7f02e6a01000-7f02e6a02000 r-xp 00001000 00:1124 4611686019027979942      /nix/store/4nlgxhb09sdr51nc9hdm8az5b08vzkgx-glibc-2.35-163/lib/libpthread.so.0
7f02e6a02000-7f02e6a03000 r--p 00002000 00:1124 4611686019027979942      /nix/store/4nlgxhb09sdr51nc9hdm8az5b08vzkgx-glibc-2.35-163/lib/libpthread.so.0
7f02e6a03000-7f02e6a04000 r--p 00002000 00:1124 4611686019027979942      /nix/store/4nlgxhb09sdr51nc9hdm8az5b08vzkgx-glibc-2.35-163/lib/libpthread.so.0
7f02e6a04000-7f02e6a05000 rw-p 00003000 00:1124 4611686019027979942      /nix/store/4nlgxhb09sdr51nc9hdm8az5b08vzkgx-glibc-2.35-163/lib/libpthread.so.0
7f02e6a05000-7f02e6a13000 r-xp 00000000 00:1124 4611686019135190033      /nix/store/gpxl5qgg8kicmcvivwmybwjlpf7wh20l-graalvm17-ce-22.3.0/lib/libjli.so
7f02e6a13000-7f02e6a14000 ---p 0000e000 00:1124 4611686019135190033      /nix/store/gpxl5qgg8kicmcvivwmybwjlpf7wh20l-graalvm17-ce-22.3.0/lib/libjli.so
7f02e6a14000-7f02e6a15000 r--p 0000e000 00:1124 4611686019135190033      /nix/store/gpxl5qgg8kicmcvivwmybwjlpf7wh20l-graalvm17-ce-22.3.0/lib/libjli.so
7f02e6a15000-7f02e6a16000 rw-p 0000f000 00:1124 4611686019135190033      /nix/store/gpxl5qgg8kicmcvivwmybwjlpf7wh20l-graalvm17-ce-22.3.0/lib/libjli.so
7f02e6a16000-7f02e6a17000 rw-p 00012000 00:1124 4611686019135190033      /nix/store/gpxl5qgg8kicmcvivwmybwjlpf7wh20l-graalvm17-ce-22.3.0/lib/libjli.so
7f02e6a17000-7f02e6a1a000 r--p 00000000 00:1124 4611686019106210071      /nix/store/026hln0aq1hyshaxsdvhg0kmcm6yf45r-zlib-1.2.13/lib/libz.so.1.2.13
7f02e6a1a000-7f02e6a2c000 r-xp 00003000 00:1124 4611686019106210071      /nix/store/026hln0aq1hyshaxsdvhg0kmcm6yf45r-zlib-1.2.13/lib/libz.so.1.2.13
7f02e6a2c000-7f02e6a33000 r--p 00015000 00:1124 4611686019106210071      /nix/store/026hln0aq1hyshaxsdvhg0kmcm6yf45r-zlib-1.2.13/lib/libz.so.1.2.13
7f02e6a33000-7f02e6a34000 r--p 0001b000 00:1124 4611686019106210071      /nix/store/026hln0aq1hyshaxsdvhg0kmcm6yf45r-zlib-1.2.13/lib/libz.so.1.2.13
7f02e6a34000-7f02e6a35000 rw-p 0001c000 00:1124 4611686019106210071      /nix/store/026hln0aq1hyshaxsdvhg0kmcm6yf45r-zlib-1.2.13/lib/libz.so.1.2.13
7f02e6a35000-7f02e6a37000 rw-p 00000000 00:00 0 
7f02e6a37000-7f02e6a39000 r--p 00000000 00:1124 4611686019027979912      /nix/store/4nlgxhb09sdr51nc9hdm8az5b08vzkgx-glibc-2.35-163/lib/ld-linux-x86-64.so.2
7f02e6a39000-7f02e6a60000 r-xp 00002000 00:1124 4611686019027979912      /nix/store/4nlgxhb09sdr51nc9hdm8az5b08vzkgx-glibc-2.35-163/lib/ld-linux-x86-64.so.2
7f02e6a60000-7f02e6a6c000 r--p 00029000 00:1124 4611686019027979912      /nix/store/4nlgxhb09sdr51nc9hdm8az5b08vzkgx-glibc-2.35-163/lib/ld-linux-x86-64.so.2
7f02e6a6c000-7f02e6a6e000 r--p 00034000 00:1124 4611686019027979912      /nix/store/4nlgxhb09sdr51nc9hdm8az5b08vzkgx-glibc-2.35-163/lib/ld-linux-x86-64.so.2
7f02e6a6e000-7f02e6a70000 rw-p 00036000 00:1124 4611686019027979912      /nix/store/4nlgxhb09sdr51nc9hdm8az5b08vzkgx-glibc-2.35-163/lib/ld-linux-x86-64.so.2
7ffd5297b000-7ffd529a0000 rw-p 00000000 00:00 0                          [stack]
7ffd529be000-7ffd529c2000 r--p 00000000 00:00 0                          [vvar]
7ffd529c2000-7ffd529c4000 r-xp 00000000 00:00 0                          [vdso]
ffffffffff600000-ffffffffff601000 --xp 00000000 00:00 0                  [vsyscall]


VM Arguments:
jvm_args: -XX:ThreadPriorityPolicy=1 -XX:+UnlockExperimentalVMOptions -XX:+EnableJVMCIProduct -XX:JVMCIThreadsPerNativeLibraryRuntime=1 -XX:-UnlockExperimentalVMOptions -Declipse.application=org.eclipse.jdt.ls.core.id1 -Dosgi.bundles.defaultStartLevel=4 -Declipse.product=org.eclipse.jdt.ls.core.product -Dlog.level=ALL -Xverify:none -XX:+UseParallelGC -XX:GCTimeRatio=4 -XX:AdaptiveSizePolicyWeight=90 -Dsun.zip.disableMemoryMapping=true -Xmx512m -Xms100m 
java_command: /nix/store/m6gcpi1ii6rghy04cjwjddcavv7i90df-jdt-language-server-1.9.0/share/java/plugins/org.eclipse.equinox.launcher_1.6.400.v20210924-0641.jar --add-modules=ALL-SYSTEM --add-opens java.base/java.util=ALL-UNNAMED --add-opens java.base/java.lang=ALL-UNNAMED -configuration /home/runner/.cache/jdt-language-server/config -data /home/runner/.cache/jdt-language-server/data/home/runner/planilha
java_class_path (initial): /nix/store/m6gcpi1ii6rghy04cjwjddcavv7i90df-jdt-language-server-1.9.0/share/java/plugins/org.eclipse.equinox.launcher_1.6.400.v20210924-0641.jar
Launcher Type: SUN_STANDARD

[Global flags]
    uintx AdaptiveSizePolicyWeight                 = 90                                        {product} {command line}
     intx CICompilerCount                          = 2                                         {product} {ergonomic}
     bool EnableJVMCIProduct                       = true                                {JVMCI product} {jimage}
    uintx GCTimeRatio                              = 4                                         {product} {command line}
   size_t InitialHeapSize                          = 104857600                                 {product} {command line}
     uint JVMCIThreadsPerNativeLibraryRuntime      = 1                                   {JVMCI product} {jimage}
   size_t MaxHeapSize                              = 536870912                                 {product} {command line}
   size_t MaxNewSize                               = 178782208                                 {product} {ergonomic}
   size_t MinHeapDeltaBytes                        = 524288                                    {product} {ergonomic}
   size_t MinHeapSize                              = 104857600                                 {product} {command line}
   size_t NewSize                                  = 34603008                                  {product} {ergonomic}
    uintx NonNMethodCodeHeapSize                   = 5826188                                {pd product} {ergonomic}
    uintx NonProfiledCodeHeapSize                  = 122916026                              {pd product} {ergonomic}
   size_t OldSize                                  = 70254592                                  {product} {ergonomic}
    uintx ProfiledCodeHeapSize                     = 122916026                              {pd product} {ergonomic}
    uintx ReservedCodeCacheSize                    = 251658240                              {pd product} {ergonomic}
     bool SegmentedCodeCache                       = true                                      {product} {ergonomic}
   size_t SoftMaxHeapSize                          = 536870912                              {manageable} {ergonomic}
     intx ThreadPriorityPolicy                     = 1                                         {product} {jimage}
     bool UseCompressedClassPointers               = true                           {product lp64_product} {ergonomic}
     bool UseCompressedOops                        = true                           {product lp64_product} {ergonomic}
     bool UseParallelGC                            = true                                      {product} {command line}

Logging:
Log output configuration:
 #0: stdout all=warning uptime,level,tags
 #1: stderr all=off uptime,level,tags

Environment Variables:
JAVA_HOME=/nix/store/gpxl5qgg8kicmcvivwmybwjlpf7wh20l-graalvm17-ce-22.3.0
PATH=/nix/store/1d6ian3r8kdzspw8hacjhl3xkp40g1lj-binutils-wrapper-2.39/bin:/nix/store/dq0xwmsk1g0i2ayg6pb7y87na2knzylh-gcc-wrapper-11.3.0/bin:/nix/store/bap4d0lpcrhpwmpb8ayjcgkmvfj62lnq-bash-interactive-5.1-p16/bin:/nix/store/pr5n59mb4jzmfx6kanwxly0l07p861fg-patchelf-0.15.0/bin:/nix/store/1gf2flfqnpqbr1b4p4qz2f72y42bs56r-gcc-11.3.0/bin:/nix/store/57xv61c5zi8pphjbcwxxjlgc34p61ic9-glibc-2.35-163-bin/bin:/nix/store/a7gvj343m05j2s32xcnwr35v31ynlypr-coreutils-9.1/bin:/nix/store/039g378vc3pc3dvi9dzdlrd0i4q93qwf-binutils-2.39/bin:/nix/store/gpxl5qgg8kicmcvivwmybwjlpf7wh20l-graalvm17-ce-22.3.0/bin:/nix/store/6z9ag3ihc8mq2hzsw48lhbznvzny65nz-apache-maven-3.8.6/bin:/nix/store/m6gcpi1ii6rghy04cjwjddcavv7i90df-jdt-language-server-1.9.0/bin:/nix/store/84xs5alhs01zrbr4ywm05kxbjbp5590l-java-debug/bin:/nix/store/mydc6f4k2z73xlcz7ilif3v2lcaiqvza-findutils-4.9.0/bin:/nix/store/j9p3g8472iijd50vhdprx0nmk2fqn5gv-diffutils-3.8/bin:/nix/store/89zs7rms6x00xfq4dq6m7mjnhkr8a6r4-gnused-4.8/bin:/nix/store/86bp03jkmsl6f92w0yzg4s59g5mhxwmy-gnugrep-3.7/bin:/nix/store/hwcdqw4jrjnd37wxqgsd47hd0j8bnj09-gawk-5.1.1/bin:/nix/store/cfbhw8r8ags41vwqaz47r583d0p4h4a1-gnutar-1.34/bin:/nix/store/p3m1ndl1lapwrlh698bnb5lvvxh67378-gzip-1.12/bin:/nix/store/a8mhcagrsly7c7mpjrpsnaahk4aax056-bzip2-1.0.8-bin/bin:/nix/store/mblgz65m3zv9x548a3d5m96fj2pbwr09-gnumake-4.3/bin:/nix/store/dsd5gz46hdbdk2rfdimqddhq6m8m8fqs-bash-5.1-p16/bin:/nix/store/v7ljksji50mg3w61dykaa3n3y79n6nil-patch-2.7.6/bin:/nix/store/zlcnmqq14jz5x9439jf937mvayyl63da-xz-5.2.7-bin/bin:/nix/store/y6aj732zm9m87c82fpvf103a1xb22blp-file-5.43/bin:/nix/store/i4kzir3m7mrisxmf5xvlnkw01x4qaqr4-prybar-elisp-0.0.0-e0d9a52/bin:/nix/store/lwwivxf6h7x3cvxp9zv8sj0mv7dak99r-prybar-lua-0.0.0-e0d9a52/bin:/nix/store/gxj28g1cg4hq3qanmjv07156h800qr58-prybar-python3-0.0.0-e0d9a52/bin:/nix/store/hshkjnxrgidigf8x75vg6lqng2xlx9i3-prybar-sqlite-0.0.0-e0d9a52/bin:/nix/store/c4w01bpjgyy5ixmwdk8m1pw87zq4sl26-prybar-tcl-0.0.0-e0d9a52/bin:/nix/store/hpbvrlwd5viqmvcaisb3x0118i913a9n-st
LD_LIBRARY_PATH=/nix/store/a4pff549sk2idnkpzk5nsfps3mdkdnvm-cups-2.4.2-lib/lib:/nix/store/72mqxxhh3cy5yifh92wh2yb8cl2hikyy-cairo-1.16.0/lib:/nix/store/2k366jrbsra97gjfxwvrhvixjfxdach5-glib-2.74.1/lib:/nix/store/2j2znigd8ak37rlwh9khz0ry3clqlw1l-gtk+3-3.24.34/lib:/nix/store/hisqvx32cd57apbpcsnkpx6k3549wql1-libglvnd-1.4.0/lib:/nix/store/p36pgcv991mq5srvg765b78yqpxvk3qs-mesa-21.3.3-drivers/lib:/nix/store/mav4251if1ahjq5vkpwycyyvnmy459c4-pulseaudio-14.2/lib
DISPLAY=:0
LANG=en_US.UTF-8

Signal Handlers:
   SIGSEGV: crash_handler in libjvm.so, mask=11100100010111111101111111111110, flags=SA_RESTART|SA_SIGINFO
    SIGBUS: crash_handler in libjvm.so, mask=11100100010111111101111111111110, flags=SA_RESTART|SA_SIGINFO
    SIGFPE: crash_handler in libjvm.so, mask=11100100010111111101111111111110, flags=SA_RESTART|SA_SIGINFO
   SIGPIPE: IsolateEnterStub_IgnoreSIGPIPEStartupHook_noopSignalHandler_8f19bff2f35b5f630d83b364d6b2339320d4ec70_216e8361c6bc87a8f89f58cc10d3b2fd4415bf87 in libjvmcicompiler.so, mask=00000000000000000000000000000000, flags=SA_RESTART
  *** Handler was modified!
  *** Expected: javaSignalHandler in libjvm.so, mask=11100100110111111111111111111110, flags=SA_RESTART|SA_SIGINFO
   SIGXFSZ: javaSignalHandler in libjvm.so, mask=11100100010111111101111111111110, flags=SA_RESTART|SA_SIGINFO
    SIGILL: crash_handler in libjvm.so, mask=11100100010111111101111111111110, flags=SA_RESTART|SA_SIGINFO
   SIGUSR2: SR_handler in libjvm.so, mask=00000000000000000000000000000000, flags=SA_RESTART|SA_SIGINFO
    SIGHUP: UserHandler in libjvm.so, mask=11100100010111111101111111111110, flags=SA_RESTART|SA_SIGINFO
    SIGINT: UserHandler in libjvm.so, mask=11100100010111111101111111111110, flags=SA_RESTART|SA_SIGINFO
   SIGTERM: UserHandler in libjvm.so, mask=11100100010111111101111111111110, flags=SA_RESTART|SA_SIGINFO
   SIGQUIT: UserHandler in libjvm.so, mask=11100100010111111101111111111110, flags=SA_RESTART|SA_SIGINFO
  *** Handler was modified!
  *** Expected: javaSignalHandler in libjvm.so, mask=11100100110111111111111111111110, flags=SA_RESTART|SA_SIGINFO
   SIGTRAP: crash_handler in libjvm.so, mask=11100100010111111101111111111110, flags=SA_RESTART|SA_SIGINFO


---------------  S Y S T E M  ---------------

OS:
DISTRIB_ID=Ubuntu
DISTRIB_RELEASE=20.04
DISTRIB_CODENAME=focal
DISTRIB_DESCRIPTION="Ubuntu 20.04.2 LTS"
uname: Linux 5.15.0-1032-gcp #40~20.04.1-Ubuntu SMP Tue Apr 11 02:49:52 UTC 2023 x86_64
OS uptime: 0 days 22:19 hours
libc: glibc 2.35 NPTL 2.35 
rlimit (soft/hard): STACK 8192k/infinity , CORE infinity/infinity , NPROC infinity/infinity , NOFILE 5242/5242 , AS infinity/infinity , CPU infinity/infinity , DATA infinity/infinity , FSIZE infinity/infinity , MEMLOCK 64k/64k
load average: 22.30 19.99 21.04

/proc/meminfo:
MemTotal:       65852700 kB
MemFree:         6077684 kB
MemAvailable:   35129512 kB
Buffers:         3385296 kB
Cached:         23945664 kB
SwapCached:            0 kB
Active:         13204956 kB
Inactive:       40731056 kB
Active(anon):      16524 kB
Inactive(anon): 26501904 kB
Active(file):   13188432 kB
Inactive(file): 14229152 kB
Unevictable:       43456 kB
Mlocked:           43456 kB
SwapTotal:             0 kB
SwapFree:              0 kB
Dirty:            161636 kB
Writeback:             0 kB
AnonPages:      23089484 kB
Mapped:          2503176 kB
Shmem:            213416 kB
KReclaimable:    2360844 kB
Slab:            4554848 kB
SReclaimable:    2360844 kB
SUnreclaim:      2194004 kB
KernelStack:      477888 kB
PageTables:       210328 kB
NFS_Unstable:          0 kB
Bounce:                0 kB
WritebackTmp:          0 kB
CommitLimit:    32926348 kB
Committed_AS:   74964468 kB
VmallocTotal:   34359738367 kB
VmallocUsed:      528400 kB
VmallocChunk:          0 kB
Percpu:            79776 kB
HardwareCorrupted:     0 kB
AnonHugePages:   3104768 kB
ShmemHugePages:        0 kB
ShmemPmdMapped:        0 kB
FileHugePages:         0 kB
FilePmdMapped:         0 kB
HugePages_Total:       0
HugePages_Free:        0
HugePages_Rsvd:        0
HugePages_Surp:        0
Hugepagesize:       2048 kB
Hugetlb:               0 kB
DirectMap4k:     7228216 kB
DirectMap2M:    54634496 kB
DirectMap1G:     7340032 kB

/sys/kernel/mm/transparent_hugepage/enabled: always [madvise] never
/sys/kernel/mm/transparent_hugepage/defrag (defrag/compaction efforts parameter): always defer defer+madvise [madvise] never

Process Memory:
Virtual Size: 4855900K (peak: 4889408K)
Resident Set Size: 749328K (peak: 779800K) (anon: 552032K, file: 197296K, shmem: 0K)
Swapped out: 0K
C-Heap outstanding allocations: 44146K, retained: 15097K
glibc malloc tunables: (default)

/proc/sys/kernel/threads-max (system-wide limit on the number of threads): 514406
/proc/sys/vm/max_map_count (maximum number of memory map areas a process may have): 65530
/proc/sys/kernel/pid_max (system-wide limit on number of process identifiers): 4194304

container (cgroup) information:
container_type: cgroupv1
cpu_cpuset_cpus: 2-7
cpu_memory_nodes: 0
active_processor_count: 1
cpu_quota: 50000
cpu_period: 100000
cpu_shares: 512
memory_limit_in_bytes: 1048576 k
memory_and_swap_limit_in_bytes: 1048576 k
memory_soft_limit_in_bytes: 524288 k
memory_usage_in_bytes: 599988 k
memory_max_usage_in_bytes: 626796 k
maximum number of tasks: 1000
current number of tasks: 46

KVM virtualization detected
Steal ticks since vm start: 0
Steal ticks percentage since vm start:  0.000

CPU: total 8 (initial active 1) (8 cores per cpu, 2 threads per core) family 23 model 49 stepping 0 microcode 0xffffffff, cx8, cmov, fxsr, ht, mmx, 3dnowpref, sse, sse2, sse3, ssse3, sse4a, sse4.1, sse4.2, popcnt, lzcnt, tsc, tscinvbit, avx, avx2, aes, clmul, bmi1, bmi2, adx, sha, fma, vzeroupper, clflush, clflushopt, hv
CPU Model and flags from /proc/cpuinfo:
model name	: AMD EPYC 7B12
flags		: fpu vme de pse tsc msr pae mce cx8 apic sep mtrr pge mca cmov pat pse36 clflush mmx fxsr sse sse2 ht syscall nx mmxext fxsr_opt pdpe1gb rdtscp lm constant_tsc rep_good nopl nonstop_tsc cpuid extd_apicid tsc_known_freq pni pclmulqdq ssse3 fma cx16 sse4_1 sse4_2 movbe popcnt aes xsave avx f16c rdrand hypervisor lahf_lm cmp_legacy cr8_legacy abm sse4a misalignsse 3dnowprefetch osvw topoext ssbd ibrs ibpb stibp vmmcall fsgsbase tsc_adjust bmi1 avx2 smep bmi2 rdseed adx smap clflushopt clwb sha_ni xsaveopt xsavec xgetbv1 clzero xsaveerptr arat npt nrip_save umip rdpid

Online cpus: 0-7
Offline cpus: 
BIOS frequency limitation: <Not Available>
Frequency switch latency (ns): <Not Available>
Available cpu frequencies: <Not Available>
Current governor: <Not Available>
Core performance/turbo boost: <Not Available>

Memory: 4k page, physical 1048576k(448580k free), swap 0k(0k free)
Page Sizes: 4k

vm_info: OpenJDK 64-Bit Server VM (17.0.5+8-jvmci-22.3-b08) for linux-amd64 JRE (17.0.5+8-jvmci-22.3-b08), built on Oct 19 2022 09:01:27 by "buildslave" with gcc 10.3.0

END.
